\BOOKMARK [0][-]{chapter.1}{\376\377\0001\000\040\000N\000a\000m\000e\000s\000p\000a\000c\000e\000\040\000I\000n\000d\000e\000x}{}% 1
\BOOKMARK [1][-]{section.1.1}{\376\377\0001\000.\0001\000\040\000P\000a\000c\000k\000a\000g\000e\000s}{chapter.1}% 2
\BOOKMARK [0][-]{chapter.2}{\376\377\0002\000\040\000H\000i\000e\000r\000a\000r\000c\000h\000i\000c\000a\000l\000\040\000I\000n\000d\000e\000x}{}% 3
\BOOKMARK [1][-]{section.2.1}{\376\377\0002\000.\0001\000\040\000C\000l\000a\000s\000s\000\040\000H\000i\000e\000r\000a\000r\000c\000h\000y}{chapter.2}% 4
\BOOKMARK [0][-]{chapter.3}{\376\377\0003\000\040\000C\000l\000a\000s\000s\000\040\000I\000n\000d\000e\000x}{}% 5
\BOOKMARK [1][-]{section.3.1}{\376\377\0003\000.\0001\000\040\000C\000l\000a\000s\000s\000\040\000L\000i\000s\000t}{chapter.3}% 6
\BOOKMARK [0][-]{chapter.4}{\376\377\0004\000\040\000F\000i\000l\000e\000\040\000I\000n\000d\000e\000x}{}% 7
\BOOKMARK [1][-]{section.4.1}{\376\377\0004\000.\0001\000\040\000F\000i\000l\000e\000\040\000L\000i\000s\000t}{chapter.4}% 8
\BOOKMARK [0][-]{chapter.5}{\376\377\0005\000\040\000N\000a\000m\000e\000s\000p\000a\000c\000e\000\040\000D\000o\000c\000u\000m\000e\000n\000t\000a\000t\000i\000o\000n}{}% 9
\BOOKMARK [1][-]{section.5.1}{\376\377\0005\000.\0001\000\040\000P\000a\000c\000k\000a\000g\000e\000\040\000c\000o\000m}{chapter.5}% 10
\BOOKMARK [1][-]{section.5.2}{\376\377\0005\000.\0002\000\040\000P\000a\000c\000k\000a\000g\000e\000\040\000c\000o\000m\000.\000s\000o\000c\000i\000a\000l}{chapter.5}% 11
\BOOKMARK [1][-]{section.5.3}{\376\377\0005\000.\0003\000\040\000P\000a\000c\000k\000a\000g\000e\000\040\000c\000o\000m\000.\000s\000o\000c\000i\000a\000l\000.\000p\000r\000o\000x\000i\000m\000i\000t\000y}{chapter.5}% 12
\BOOKMARK [2][-]{subsection.5.3.1}{\376\377\0005\000.\0003\000.\0001\000\040\000D\000e\000t\000a\000i\000l\000e\000d\000\040\000D\000e\000s\000c\000r\000i\000p\000t\000i\000o\000n}{section.5.3}% 13
\BOOKMARK [0][-]{chapter.6}{\376\377\0006\000\040\000C\000l\000a\000s\000s\000\040\000D\000o\000c\000u\000m\000e\000n\000t\000a\000t\000i\000o\000n}{}% 14
\BOOKMARK [1][-]{section.6.1}{\376\377\0006\000.\0001\000\040\000c\000o\000m\000.\000s\000o\000c\000i\000a\000l\000.\000p\000r\000o\000x\000i\000m\000i\000t\000y\000.\000B\000T\000D\000e\000v\000i\000c\000e\000F\000i\000n\000d\000e\000r\000\040\000I\000n\000t\000e\000r\000f\000a\000c\000e\000\040\000R\000e\000f\000e\000r\000e\000n\000c\000e}{chapter.6}% 15
\BOOKMARK [2][-]{subsection.6.1.1}{\376\377\0006\000.\0001\000.\0001\000\040\000M\000e\000m\000b\000e\000r\000\040\000F\000u\000n\000c\000t\000i\000o\000n\000\040\000D\000o\000c\000u\000m\000e\000n\000t\000a\000t\000i\000o\000n}{section.6.1}% 16
\BOOKMARK [3][-]{subsubsection.6.1.1.1}{\376\377\0006\000.\0001\000.\0001\000.\0001\000\040\000o\000n\000D\000e\000v\000i\000c\000e\000F\000o\000u\000n\000d\000\050\000B\000l\000u\000e\000t\000o\000o\000t\000h\000D\000e\000v\000i\000c\000e\000\040\000d\000e\000v\000i\000c\000e\000,\000\040\000B\000l\000u\000e\000t\000o\000o\000t\000h\000C\000l\000a\000s\000s\000\040\000b\000t\000C\000l\000a\000s\000s\000\051}{subsection.6.1.1}% 17
\BOOKMARK [1][-]{section.6.2}{\376\377\0006\000.\0002\000\040\000c\000o\000m\000.\000s\000o\000c\000i\000a\000l\000.\000p\000r\000o\000x\000i\000m\000i\000t\000y\000.\000B\000T\000M\000a\000n\000a\000g\000e\000r\000\040\000C\000l\000a\000s\000s\000\040\000R\000e\000f\000e\000r\000e\000n\000c\000e}{chapter.6}% 18
\BOOKMARK [2][-]{subsection.6.2.1}{\376\377\0006\000.\0002\000.\0001\000\040\000C\000o\000n\000s\000t\000r\000u\000c\000t\000o\000r\000\040\000\046\000\040\000D\000e\000s\000t\000r\000u\000c\000t\000o\000r\000\040\000D\000o\000c\000u\000m\000e\000n\000t\000a\000t\000i\000o\000n}{section.6.2}% 19
\BOOKMARK [3][-]{subsubsection.6.2.1.1}{\376\377\0006\000.\0002\000.\0001\000.\0001\000\040\000B\000T\000M\000a\000n\000a\000g\000e\000r\000\050\000C\000o\000n\000t\000e\000x\000t\000\040\000c\000\051}{subsection.6.2.1}% 20
\BOOKMARK [2][-]{subsection.6.2.2}{\376\377\0006\000.\0002\000.\0002\000\040\000M\000e\000m\000b\000e\000r\000\040\000F\000u\000n\000c\000t\000i\000o\000n\000\040\000D\000o\000c\000u\000m\000e\000n\000t\000a\000t\000i\000o\000n}{section.6.2}% 21
\BOOKMARK [3][-]{subsubsection.6.2.2.1}{\376\377\0006\000.\0002\000.\0002\000.\0001\000\040\000c\000l\000e\000a\000r\000O\000n\000B\000T\000C\000h\000a\000n\000g\000e\000L\000i\000s\000t\000e\000n\000e\000r\000\050\000\051}{subsection.6.2.2}% 22
\BOOKMARK [3][-]{subsubsection.6.2.2.2}{\376\377\0006\000.\0002\000.\0002\000.\0002\000\040\000c\000l\000o\000s\000e\000\050\000C\000o\000n\000t\000e\000x\000t\000\040\000c\000\051}{subsection.6.2.2}% 23
\BOOKMARK [3][-]{subsubsection.6.2.2.3}{\376\377\0006\000.\0002\000.\0002\000.\0003\000\040\000e\000n\000a\000b\000l\000e\000B\000T\000\050\000\051}{subsection.6.2.2}% 24
\BOOKMARK [3][-]{subsubsection.6.2.2.4}{\376\377\0006\000.\0002\000.\0002\000.\0004\000\040\000i\000s\000B\000T\000E\000n\000a\000b\000l\000e\000d\000\050\000\051}{subsection.6.2.2}% 25
\BOOKMARK [3][-]{subsubsection.6.2.2.5}{\376\377\0006\000.\0002\000.\0002\000.\0005\000\040\000s\000e\000t\000O\000n\000B\000T\000C\000h\000a\000n\000g\000e\000L\000i\000s\000t\000e\000n\000e\000r\000\050\000B\000T\000D\000e\000v\000i\000c\000e\000F\000i\000n\000d\000e\000r\000\040\000l\000i\000s\000t\000e\000n\000e\000r\000\051}{subsection.6.2.2}% 26
\BOOKMARK [3][-]{subsubsection.6.2.2.6}{\376\377\0006\000.\0002\000.\0002\000.\0006\000\040\000s\000t\000a\000r\000t\000D\000i\000s\000c\000o\000v\000e\000r\000y\000\050\000\051}{subsection.6.2.2}% 27
\BOOKMARK [3][-]{subsubsection.6.2.2.7}{\376\377\0006\000.\0002\000.\0002\000.\0007\000\040\000s\000t\000a\000r\000t\000P\000e\000r\000i\000o\000d\000i\000c\000S\000c\000a\000n\000n\000i\000n\000g\000\050\000\051}{subsection.6.2.2}% 28
\BOOKMARK [3][-]{subsubsection.6.2.2.8}{\376\377\0006\000.\0002\000.\0002\000.\0008\000\040\000s\000t\000o\000p\000P\000e\000r\000i\000o\000d\000i\000c\000S\000c\000a\000n\000n\000i\000n\000g\000\050\000\051}{subsection.6.2.2}% 29
\BOOKMARK [3][-]{subsubsection.6.2.2.9}{\376\377\0006\000.\0002\000.\0002\000.\0009\000\040\000w\000r\000i\000t\000e\000T\000o\000S\000D\000\050\000S\000t\000r\000i\000n\000g\000\040\000t\000e\000x\000t\000\051}{subsection.6.2.2}% 30
\BOOKMARK [2][-]{subsection.6.2.3}{\376\377\0006\000.\0002\000.\0003\000\040\000M\000e\000m\000b\000e\000r\000\040\000D\000a\000t\000a\000\040\000D\000o\000c\000u\000m\000e\000n\000t\000a\000t\000i\000o\000n}{section.6.2}% 31
\BOOKMARK [3][-]{subsubsection.6.2.3.1}{\376\377\0006\000.\0002\000.\0003\000.\0001\000\040\000a\000d\000a\000p\000t\000e\000r\000R\000e\000c\000e\000i\000v\000e\000r}{subsection.6.2.3}% 32
\BOOKMARK [3][-]{subsubsection.6.2.3.2}{\376\377\0006\000.\0002\000.\0003\000.\0002\000\040\000a\000n\000d\000r\000o\000i\000d\000B\000T\000A\000d\000a\000p\000t\000e\000r}{subsection.6.2.3}% 33
\BOOKMARK [3][-]{subsubsection.6.2.3.3}{\376\377\0006\000.\0002\000.\0003\000.\0003\000\040\000B\000T\000D\000e\000v\000F\000i\000n\000d\000e\000r}{subsection.6.2.3}% 34
\BOOKMARK [3][-]{subsubsection.6.2.3.4}{\376\377\0006\000.\0002\000.\0003\000.\0004\000\040\000D\000I\000S\000C\000O\000V\000E\000R\000\137\000I\000N\000T\000E\000R\000V\000A\000L}{subsection.6.2.3}% 35
\BOOKMARK [3][-]{subsubsection.6.2.3.5}{\376\377\0006\000.\0002\000.\0003\000.\0005\000\040\000i\000s\000S\000c\000a\000n\000n\000i\000n\000g\000A\000c\000t\000i\000v\000e}{subsection.6.2.3}% 36
\BOOKMARK [3][-]{subsubsection.6.2.3.6}{\376\377\0006\000.\0002\000.\0003\000.\0006\000\040\000i\000s\000W\000a\000i\000t\000i\000n\000g\000S\000c\000a\000n\000R\000e\000s\000u\000l\000t\000s}{subsection.6.2.3}% 37
\BOOKMARK [3][-]{subsubsection.6.2.3.7}{\376\377\0006\000.\0002\000.\0003\000.\0007\000\040\000l\000i\000s\000t\000e\000n\000e\000r}{subsection.6.2.3}% 38
\BOOKMARK [3][-]{subsubsection.6.2.3.8}{\376\377\0006\000.\0002\000.\0003\000.\0008\000\040\000m\000B\000T\000i\000s\000T\000u\000r\000n\000i\000n\000g\000O\000n\000O\000f\000f}{subsection.6.2.3}% 39
\BOOKMARK [3][-]{subsubsection.6.2.3.9}{\376\377\0006\000.\0002\000.\0003\000.\0009\000\040\000m\000C\000o\000n\000t\000e\000x\000t}{subsection.6.2.3}% 40
\BOOKMARK [3][-]{subsubsection.6.2.3.10}{\376\377\0006\000.\0002\000.\0003\000.\0001\0000\000\040\000m\000H\000a\000n\000d\000l\000e\000r}{subsection.6.2.3}% 41
\BOOKMARK [3][-]{subsubsection.6.2.3.11}{\376\377\0006\000.\0002\000.\0003\000.\0001\0001\000\040\000r\000u\000n\000S\000c\000a\000n}{subsection.6.2.3}% 42
\BOOKMARK [3][-]{subsubsection.6.2.3.12}{\376\377\0006\000.\0002\000.\0003\000.\0001\0002\000\040\000T\000A\000G}{subsection.6.2.3}% 43
\BOOKMARK [1][-]{section.6.3}{\376\377\0006\000.\0003\000\040\000c\000o\000m\000.\000s\000o\000c\000i\000a\000l\000.\000p\000r\000o\000x\000i\000m\000i\000t\000y\000.\000B\000T\000U\000s\000e\000r\000D\000e\000v\000A\000v\000e\000r\000a\000g\000e\000E\000n\000c\000o\000u\000n\000t\000e\000r\000D\000u\000r\000a\000t\000i\000o\000n\000\040\000C\000l\000a\000s\000s\000\040\000R\000e\000f\000e\000r\000e\000n\000c\000e}{chapter.6}% 44
\BOOKMARK [2][-]{subsection.6.3.1}{\376\377\0006\000.\0003\000.\0001\000\040\000C\000o\000n\000s\000t\000r\000u\000c\000t\000o\000r\000\040\000\046\000\040\000D\000e\000s\000t\000r\000u\000c\000t\000o\000r\000\040\000D\000o\000c\000u\000m\000e\000n\000t\000a\000t\000i\000o\000n}{section.6.3}% 45
\BOOKMARK [3][-]{subsubsection.6.3.1.1}{\376\377\0006\000.\0003\000.\0001\000.\0001\000\040\000B\000T\000U\000s\000e\000r\000D\000e\000v\000A\000v\000e\000r\000a\000g\000e\000E\000n\000c\000o\000u\000n\000t\000e\000r\000D\000u\000r\000a\000t\000i\000o\000n\000\050\000\051}{subsection.6.3.1}% 46
\BOOKMARK [2][-]{subsection.6.3.2}{\376\377\0006\000.\0003\000.\0002\000\040\000M\000e\000m\000b\000e\000r\000\040\000F\000u\000n\000c\000t\000i\000o\000n\000\040\000D\000o\000c\000u\000m\000e\000n\000t\000a\000t\000i\000o\000n}{section.6.3}% 47
\BOOKMARK [3][-]{subsubsection.6.3.2.1}{\376\377\0006\000.\0003\000.\0002\000.\0001\000\040\000g\000e\000t\000A\000v\000e\000r\000a\000g\000e\000E\000n\000c\000o\000u\000n\000t\000e\000r\000D\000u\000r\000a\000t\000i\000o\000n\000\050\000i\000n\000t\000\040\000t\000i\000m\000e\000S\000l\000o\000t\000\051}{subsection.6.3.2}% 48
\BOOKMARK [3][-]{subsubsection.6.3.2.2}{\376\377\0006\000.\0003\000.\0002\000.\0002\000\040\000g\000e\000t\000D\000e\000v\000A\000d\000d\000\050\000\051}{subsection.6.3.2}% 49
\BOOKMARK [3][-]{subsubsection.6.3.2.3}{\376\377\0006\000.\0003\000.\0002\000.\0003\000\040\000s\000e\000t\000A\000v\000e\000r\000a\000g\000e\000E\000n\000c\000o\000u\000n\000t\000e\000r\000D\000u\000r\000a\000t\000i\000o\000n\000\050\000i\000n\000t\000\040\000t\000i\000m\000e\000S\000l\000o\000t\000,\000\040\000d\000o\000u\000b\000l\000e\000\040\000a\000v\000g\000E\000n\000c\000o\000u\000n\000t\000e\000r\000D\000u\000r\000a\000t\000i\000o\000n\000\051}{subsection.6.3.2}% 50
\BOOKMARK [3][-]{subsubsection.6.3.2.4}{\376\377\0006\000.\0003\000.\0002\000.\0004\000\040\000s\000e\000t\000D\000e\000v\000A\000d\000d\000\050\000S\000t\000r\000i\000n\000g\000\040\000D\000e\000v\000A\000d\000d\000\051}{subsection.6.3.2}% 51
\BOOKMARK [2][-]{subsection.6.3.3}{\376\377\0006\000.\0003\000.\0003\000\040\000M\000e\000m\000b\000e\000r\000\040\000D\000a\000t\000a\000\040\000D\000o\000c\000u\000m\000e\000n\000t\000a\000t\000i\000o\000n}{section.6.3}% 52
\BOOKMARK [3][-]{subsubsection.6.3.3.1}{\376\377\0006\000.\0003\000.\0003\000.\0001\000\040\000a\000v\000e\000r\000a\000g\000e\000E\000n\000c\000o\000u\000n\000t\000e\000r\000D\000u\000r\000a\000t\000i\000o\000n}{subsection.6.3.3}% 53
\BOOKMARK [3][-]{subsubsection.6.3.3.2}{\376\377\0006\000.\0003\000.\0003\000.\0002\000\040\000d\000e\000v\000i\000c\000e\000A\000d\000d}{subsection.6.3.3}% 54
\BOOKMARK [1][-]{section.6.4}{\376\377\0006\000.\0004\000\040\000c\000o\000m\000.\000s\000o\000c\000i\000a\000l\000.\000p\000r\000o\000x\000i\000m\000i\000t\000y\000.\000B\000T\000U\000s\000e\000r\000D\000e\000v\000E\000n\000c\000o\000u\000n\000t\000e\000r\000D\000u\000r\000a\000t\000i\000o\000n\000\040\000C\000l\000a\000s\000s\000\040\000R\000e\000f\000e\000r\000e\000n\000c\000e}{chapter.6}% 55
\BOOKMARK [2][-]{subsection.6.4.1}{\376\377\0006\000.\0004\000.\0001\000\040\000C\000o\000n\000s\000t\000r\000u\000c\000t\000o\000r\000\040\000\046\000\040\000D\000e\000s\000t\000r\000u\000c\000t\000o\000r\000\040\000D\000o\000c\000u\000m\000e\000n\000t\000a\000t\000i\000o\000n}{section.6.4}% 56
\BOOKMARK [3][-]{subsubsection.6.4.1.1}{\376\377\0006\000.\0004\000.\0001\000.\0001\000\040\000B\000T\000U\000s\000e\000r\000D\000e\000v\000E\000n\000c\000o\000u\000n\000t\000e\000r\000D\000u\000r\000a\000t\000i\000o\000n\000\050\000\051}{subsection.6.4.1}% 57
\BOOKMARK [2][-]{subsection.6.4.2}{\376\377\0006\000.\0004\000.\0002\000\040\000M\000e\000m\000b\000e\000r\000\040\000F\000u\000n\000c\000t\000i\000o\000n\000\040\000D\000o\000c\000u\000m\000e\000n\000t\000a\000t\000i\000o\000n}{section.6.4}% 58
\BOOKMARK [3][-]{subsubsection.6.4.2.1}{\376\377\0006\000.\0004\000.\0002\000.\0001\000\040\000g\000e\000t\000D\000e\000v\000A\000d\000d\000\050\000\051}{subsection.6.4.2}% 59
\BOOKMARK [3][-]{subsubsection.6.4.2.2}{\376\377\0006\000.\0004\000.\0002\000.\0002\000\040\000g\000e\000t\000E\000n\000c\000o\000u\000n\000t\000e\000r\000D\000u\000r\000a\000t\000i\000o\000n\000\050\000i\000n\000t\000\040\000t\000i\000m\000e\000S\000l\000o\000t\000\051}{subsection.6.4.2}% 60
\BOOKMARK [3][-]{subsubsection.6.4.2.3}{\376\377\0006\000.\0004\000.\0002\000.\0003\000\040\000s\000e\000t\000D\000e\000v\000A\000d\000d\000\050\000S\000t\000r\000i\000n\000g\000\040\000D\000e\000v\000A\000d\000d\000\051}{subsection.6.4.2}% 61
\BOOKMARK [3][-]{subsubsection.6.4.2.4}{\376\377\0006\000.\0004\000.\0002\000.\0004\000\040\000s\000e\000t\000E\000n\000c\000o\000u\000n\000t\000e\000r\000D\000u\000r\000a\000t\000i\000o\000n\000\050\000i\000n\000t\000\040\000t\000i\000m\000e\000S\000l\000o\000t\000,\000\040\000d\000o\000u\000b\000l\000e\000\040\000e\000n\000c\000o\000u\000n\000t\000e\000r\000D\000u\000r\000a\000t\000i\000o\000n\000\051}{subsection.6.4.2}% 62
\BOOKMARK [2][-]{subsection.6.4.3}{\376\377\0006\000.\0004\000.\0003\000\040\000M\000e\000m\000b\000e\000r\000\040\000D\000a\000t\000a\000\040\000D\000o\000c\000u\000m\000e\000n\000t\000a\000t\000i\000o\000n}{section.6.4}% 63
\BOOKMARK [3][-]{subsubsection.6.4.3.1}{\376\377\0006\000.\0004\000.\0003\000.\0001\000\040\000d\000e\000v\000i\000c\000e\000A\000d\000d}{subsection.6.4.3}% 64
\BOOKMARK [3][-]{subsubsection.6.4.3.2}{\376\377\0006\000.\0004\000.\0003\000.\0002\000\040\000e\000n\000c\000o\000u\000n\000t\000e\000r\000D\000u\000r\000a\000t\000i\000o\000n}{subsection.6.4.3}% 65
\BOOKMARK [1][-]{section.6.5}{\376\377\0006\000.\0005\000\040\000c\000o\000m\000.\000s\000o\000c\000i\000a\000l\000.\000p\000r\000o\000x\000i\000m\000i\000t\000y\000.\000B\000T\000U\000s\000e\000r\000D\000e\000v\000i\000c\000e\000\040\000C\000l\000a\000s\000s\000\040\000R\000e\000f\000e\000r\000e\000n\000c\000e}{chapter.6}% 66
\BOOKMARK [2][-]{subsection.6.5.1}{\376\377\0006\000.\0005\000.\0001\000\040\000C\000o\000n\000s\000t\000r\000u\000c\000t\000o\000r\000\040\000\046\000\040\000D\000e\000s\000t\000r\000u\000c\000t\000o\000r\000\040\000D\000o\000c\000u\000m\000e\000n\000t\000a\000t\000i\000o\000n}{section.6.5}% 67
\BOOKMARK [3][-]{subsubsection.6.5.1.1}{\376\377\0006\000.\0005\000.\0001\000.\0001\000\040\000B\000T\000U\000s\000e\000r\000D\000e\000v\000i\000c\000e\000\050\000\051}{subsection.6.5.1}% 68
\BOOKMARK [2][-]{subsection.6.5.2}{\376\377\0006\000.\0005\000.\0002\000\040\000M\000e\000m\000b\000e\000r\000\040\000F\000u\000n\000c\000t\000i\000o\000n\000\040\000D\000o\000c\000u\000m\000e\000n\000t\000a\000t\000i\000o\000n}{section.6.5}% 69
\BOOKMARK [3][-]{subsubsection.6.5.2.1}{\376\377\0006\000.\0005\000.\0002\000.\0001\000\040\000g\000e\000t\000D\000e\000v\000A\000d\000d\000\050\000\051}{subsection.6.5.2}% 70
\BOOKMARK [3][-]{subsubsection.6.5.2.2}{\376\377\0006\000.\0005\000.\0002\000.\0002\000\040\000g\000e\000t\000D\000e\000v\000N\000a\000m\000e\000\050\000\051}{subsection.6.5.2}% 71
\BOOKMARK [3][-]{subsubsection.6.5.2.3}{\376\377\0006\000.\0005\000.\0002\000.\0003\000\040\000g\000e\000t\000E\000n\000c\000o\000u\000n\000t\000e\000r\000S\000t\000a\000r\000t\000\050\000\051}{subsection.6.5.2}% 72
\BOOKMARK [3][-]{subsubsection.6.5.2.4}{\376\377\0006\000.\0005\000.\0002\000.\0004\000\040\000s\000e\000t\000D\000e\000v\000A\000d\000d\000\050\000S\000t\000r\000i\000n\000g\000\040\000D\000e\000v\000A\000d\000d\000\051}{subsection.6.5.2}% 73
\BOOKMARK [3][-]{subsubsection.6.5.2.5}{\376\377\0006\000.\0005\000.\0002\000.\0005\000\040\000s\000e\000t\000D\000e\000v\000N\000a\000m\000e\000\050\000S\000t\000r\000i\000n\000g\000\040\000D\000e\000v\000N\000a\000m\000e\000\051}{subsection.6.5.2}% 74
\BOOKMARK [3][-]{subsubsection.6.5.2.6}{\376\377\0006\000.\0005\000.\0002\000.\0006\000\040\000s\000e\000t\000E\000n\000c\000o\000u\000n\000t\000e\000r\000T\000i\000m\000e\000\050\000l\000o\000n\000g\000\040\000t\000i\000m\000e\000\051}{subsection.6.5.2}% 75
\BOOKMARK [2][-]{subsection.6.5.3}{\376\377\0006\000.\0005\000.\0003\000\040\000M\000e\000m\000b\000e\000r\000\040\000D\000a\000t\000a\000\040\000D\000o\000c\000u\000m\000e\000n\000t\000a\000t\000i\000o\000n}{section.6.5}% 76
\BOOKMARK [3][-]{subsubsection.6.5.3.1}{\376\377\0006\000.\0005\000.\0003\000.\0001\000\040\000d\000e\000v\000i\000c\000e\000A\000d\000d}{subsection.6.5.3}% 77
\BOOKMARK [3][-]{subsubsection.6.5.3.2}{\376\377\0006\000.\0005\000.\0003\000.\0002\000\040\000d\000e\000v\000i\000c\000e\000N\000a\000m\000e}{subsection.6.5.3}% 78
\BOOKMARK [3][-]{subsubsection.6.5.3.3}{\376\377\0006\000.\0005\000.\0003\000.\0003\000\040\000e\000n\000c\000o\000u\000n\000t\000e\000r\000T\000i\000m\000e}{subsection.6.5.3}% 79
\BOOKMARK [1][-]{section.6.6}{\376\377\0006\000.\0006\000\040\000c\000o\000m\000.\000s\000o\000c\000i\000a\000l\000.\000p\000r\000o\000x\000i\000m\000i\000t\000y\000.\000B\000T\000U\000s\000e\000r\000D\000e\000v\000S\000o\000c\000i\000a\000l\000W\000e\000i\000g\000h\000t\000\040\000C\000l\000a\000s\000s\000\040\000R\000e\000f\000e\000r\000e\000n\000c\000e}{chapter.6}% 80
\BOOKMARK [2][-]{subsection.6.6.1}{\376\377\0006\000.\0006\000.\0001\000\040\000C\000o\000n\000s\000t\000r\000u\000c\000t\000o\000r\000\040\000\046\000\040\000D\000e\000s\000t\000r\000u\000c\000t\000o\000r\000\040\000D\000o\000c\000u\000m\000e\000n\000t\000a\000t\000i\000o\000n}{section.6.6}% 81
\BOOKMARK [3][-]{subsubsection.6.6.1.1}{\376\377\0006\000.\0006\000.\0001\000.\0001\000\040\000B\000T\000U\000s\000e\000r\000D\000e\000v\000S\000o\000c\000i\000a\000l\000W\000e\000i\000g\000h\000t\000\050\000\051}{subsection.6.6.1}% 82
\BOOKMARK [2][-]{subsection.6.6.2}{\376\377\0006\000.\0006\000.\0002\000\040\000M\000e\000m\000b\000e\000r\000\040\000F\000u\000n\000c\000t\000i\000o\000n\000\040\000D\000o\000c\000u\000m\000e\000n\000t\000a\000t\000i\000o\000n}{section.6.6}% 83
\BOOKMARK [3][-]{subsubsection.6.6.2.1}{\376\377\0006\000.\0006\000.\0002\000.\0001\000\040\000g\000e\000t\000D\000e\000v\000A\000d\000d\000\050\000\051}{subsection.6.6.2}% 84
\BOOKMARK [3][-]{subsubsection.6.6.2.2}{\376\377\0006\000.\0006\000.\0002\000.\0002\000\040\000g\000e\000t\000S\000o\000c\000i\000a\000l\000W\000e\000i\000g\000h\000t\000\050\000i\000n\000t\000\040\000t\000i\000m\000e\000S\000l\000o\000t\000\051}{subsection.6.6.2}% 85
\BOOKMARK [3][-]{subsubsection.6.6.2.3}{\376\377\0006\000.\0006\000.\0002\000.\0003\000\040\000s\000e\000t\000D\000e\000v\000A\000d\000d\000\050\000S\000t\000r\000i\000n\000g\000\040\000D\000e\000v\000A\000d\000d\000\051}{subsection.6.6.2}% 86
\BOOKMARK [3][-]{subsubsection.6.6.2.4}{\376\377\0006\000.\0006\000.\0002\000.\0004\000\040\000s\000e\000t\000S\000o\000c\000i\000a\000l\000W\000e\000i\000g\000h\000t\000\050\000i\000n\000t\000\040\000t\000i\000m\000e\000S\000l\000o\000t\000,\000\040\000d\000o\000u\000b\000l\000e\000\040\000s\000o\000c\000i\000a\000l\000W\000e\000i\000g\000h\000t\000\051}{subsection.6.6.2}% 87
\BOOKMARK [2][-]{subsection.6.6.3}{\376\377\0006\000.\0006\000.\0003\000\040\000M\000e\000m\000b\000e\000r\000\040\000D\000a\000t\000a\000\040\000D\000o\000c\000u\000m\000e\000n\000t\000a\000t\000i\000o\000n}{section.6.6}% 88
\BOOKMARK [3][-]{subsubsection.6.6.3.1}{\376\377\0006\000.\0006\000.\0003\000.\0001\000\040\000d\000e\000v\000i\000c\000e\000A\000d\000d}{subsection.6.6.3}% 89
\BOOKMARK [3][-]{subsubsection.6.6.3.2}{\376\377\0006\000.\0006\000.\0003\000.\0002\000\040\000s\000o\000c\000i\000a\000l\000W\000e\000i\000g\000h\000t}{subsection.6.6.3}% 90
\BOOKMARK [1][-]{section.6.7}{\376\377\0006\000.\0007\000\040\000c\000o\000m\000.\000s\000o\000c\000i\000a\000l\000.\000p\000r\000o\000x\000i\000m\000i\000t\000y\000.\000C\000h\000a\000n\000g\000e\000L\000i\000s\000t\000e\000n\000e\000r\000\040\000I\000n\000t\000e\000r\000f\000a\000c\000e\000\040\000R\000e\000f\000e\000r\000e\000n\000c\000e}{chapter.6}% 91
\BOOKMARK [2][-]{subsection.6.7.1}{\376\377\0006\000.\0007\000.\0001\000\040\000M\000e\000m\000b\000e\000r\000\040\000F\000u\000n\000c\000t\000i\000o\000n\000\040\000D\000o\000c\000u\000m\000e\000n\000t\000a\000t\000i\000o\000n}{section.6.7}% 92
\BOOKMARK [3][-]{subsubsection.6.7.1.1}{\376\377\0006\000.\0007\000.\0001\000.\0001\000\040\000o\000n\000S\000o\000c\000i\000a\000l\000W\000e\000i\000g\000h\000t\000C\000h\000a\000n\000g\000e\000\050\000A\000r\000r\000a\000y\000L\000i\000s\000t\000<\000\040\000S\000o\000c\000i\000a\000l\000W\000e\000i\000g\000h\000t\000\040\000>\000\040\000a\000r\000r\000a\000y\000L\000i\000s\000t\000\051}{subsection.6.7.1}% 93
\BOOKMARK [1][-]{section.6.8}{\376\377\0006\000.\0008\000\040\000c\000o\000m\000.\000s\000o\000c\000i\000a\000l\000.\000p\000r\000o\000x\000i\000m\000i\000t\000y\000.\000S\000o\000c\000i\000a\000l\000P\000r\000o\000x\000i\000m\000i\000t\000y\000.\000C\000u\000s\000t\000o\000m\000C\000o\000m\000p\000a\000r\000a\000t\000o\000r\000\040\000C\000l\000a\000s\000s\000\040\000R\000e\000f\000e\000r\000e\000n\000c\000e}{chapter.6}% 94
\BOOKMARK [2][-]{subsection.6.8.1}{\376\377\0006\000.\0008\000.\0001\000\040\000M\000e\000m\000b\000e\000r\000\040\000F\000u\000n\000c\000t\000i\000o\000n\000\040\000D\000o\000c\000u\000m\000e\000n\000t\000a\000t\000i\000o\000n}{section.6.8}% 95
\BOOKMARK [3][-]{subsubsection.6.8.1.1}{\376\377\0006\000.\0008\000.\0001\000.\0001\000\040\000c\000o\000m\000p\000a\000r\000e\000\050\000S\000o\000c\000i\000a\000l\000W\000e\000i\000g\000h\000t\000\040\000e\000n\000t\000r\000y\0001\000,\000\040\000S\000o\000c\000i\000a\000l\000W\000e\000i\000g\000h\000t\000\040\000e\000n\000t\000r\000y\0002\000\051}{subsection.6.8.1}% 96
\BOOKMARK [1][-]{section.6.9}{\376\377\0006\000.\0009\000\040\000c\000o\000m\000.\000s\000o\000c\000i\000a\000l\000.\000p\000r\000o\000x\000i\000m\000i\000t\000y\000.\000D\000a\000t\000a\000B\000a\000s\000e\000C\000h\000a\000n\000g\000e\000L\000i\000s\000t\000e\000n\000e\000r\000\040\000I\000n\000t\000e\000r\000f\000a\000c\000e\000\040\000R\000e\000f\000e\000r\000e\000n\000c\000e}{chapter.6}% 97
\BOOKMARK [2][-]{subsection.6.9.1}{\376\377\0006\000.\0009\000.\0001\000\040\000M\000e\000m\000b\000e\000r\000\040\000F\000u\000n\000c\000t\000i\000o\000n\000\040\000D\000o\000c\000u\000m\000e\000n\000t\000a\000t\000i\000o\000n}{section.6.9}% 98
\BOOKMARK [3][-]{subsubsection.6.9.1.1}{\376\377\0006\000.\0009\000.\0001\000.\0001\000\040\000o\000n\000D\000a\000t\000a\000B\000a\000s\000e\000C\000h\000a\000n\000g\000e\000B\000T\000\050\000A\000r\000r\000a\000y\000L\000i\000s\000t\000<\000\040\000B\000T\000U\000s\000e\000r\000D\000e\000v\000i\000c\000e\000\040\000>\000\040\000a\000r\000r\000a\000y\000L\000i\000s\000t\000\051}{subsection.6.9.1}% 99
\BOOKMARK [3][-]{subsubsection.6.9.1.2}{\376\377\0006\000.\0009\000.\0001\000.\0002\000\040\000o\000n\000D\000a\000t\000a\000B\000a\000s\000e\000C\000h\000a\000n\000g\000e\000B\000T\000A\000v\000g\000E\000n\000c\000D\000u\000r\000\050\000A\000r\000r\000a\000y\000L\000i\000s\000t\000<\000\040\000B\000T\000U\000s\000e\000r\000D\000e\000v\000A\000v\000e\000r\000a\000g\000e\000E\000n\000c\000o\000u\000n\000t\000e\000r\000D\000u\000r\000a\000t\000i\000o\000n\000\040\000>\000\040\000a\000r\000r\000a\000y\000L\000i\000s\000t\000\051}{subsection.6.9.1}% 100
\BOOKMARK [3][-]{subsubsection.6.9.1.3}{\376\377\0006\000.\0009\000.\0001\000.\0003\000\040\000o\000n\000D\000a\000t\000a\000B\000a\000s\000e\000C\000h\000a\000n\000g\000e\000B\000T\000E\000n\000c\000D\000u\000r\000\050\000A\000r\000r\000a\000y\000L\000i\000s\000t\000<\000\040\000B\000T\000U\000s\000e\000r\000D\000e\000v\000E\000n\000c\000o\000u\000n\000t\000e\000r\000D\000u\000r\000a\000t\000i\000o\000n\000\040\000>\000\040\000a\000r\000r\000a\000y\000L\000i\000s\000t\000\051}{subsection.6.9.1}% 101
\BOOKMARK [3][-]{subsubsection.6.9.1.4}{\376\377\0006\000.\0009\000.\0001\000.\0004\000\040\000o\000n\000D\000a\000t\000a\000B\000a\000s\000e\000C\000h\000a\000n\000g\000e\000B\000T\000S\000o\000c\000i\000a\000l\000W\000e\000i\000g\000h\000t\000\050\000A\000r\000r\000a\000y\000L\000i\000s\000t\000<\000\040\000B\000T\000U\000s\000e\000r\000D\000e\000v\000S\000o\000c\000i\000a\000l\000W\000e\000i\000g\000h\000t\000\040\000>\000\040\000a\000r\000r\000a\000y\000L\000i\000s\000t\000\051}{subsection.6.9.1}% 102
\BOOKMARK [1][-]{section.6.10}{\376\377\0006\000.\0001\0000\000\040\000c\000o\000m\000.\000s\000o\000c\000i\000a\000l\000.\000p\000r\000o\000x\000i\000m\000i\000t\000y\000.\000D\000a\000t\000a\000b\000a\000s\000e\000F\000u\000n\000c\000t\000i\000o\000n\000s\000\040\000C\000l\000a\000s\000s\000\040\000R\000e\000f\000e\000r\000e\000n\000c\000e}{chapter.6}% 103
\BOOKMARK [2][-]{subsection.6.10.1}{\376\377\0006\000.\0001\0000\000.\0001\000\040\000C\000o\000n\000s\000t\000r\000u\000c\000t\000o\000r\000\040\000\046\000\040\000D\000e\000s\000t\000r\000u\000c\000t\000o\000r\000\040\000D\000o\000c\000u\000m\000e\000n\000t\000a\000t\000i\000o\000n}{section.6.10}% 104
\BOOKMARK [3][-]{subsubsection.6.10.1.1}{\376\377\0006\000.\0001\0000\000.\0001\000.\0001\000\040\000D\000a\000t\000a\000b\000a\000s\000e\000F\000u\000n\000c\000t\000i\000o\000n\000s\000\050\000S\000Q\000L\000i\000t\000e\000D\000a\000t\000a\000b\000a\000s\000e\000\040\000d\000a\000t\000a\000b\000a\000s\000e\000\051}{subsection.6.10.1}% 105
\BOOKMARK [2][-]{subsection.6.10.2}{\376\377\0006\000.\0001\0000\000.\0002\000\040\000M\000e\000m\000b\000e\000r\000\040\000F\000u\000n\000c\000t\000i\000o\000n\000\040\000D\000o\000c\000u\000m\000e\000n\000t\000a\000t\000i\000o\000n}{section.6.10}% 106
\BOOKMARK [3][-]{subsubsection.6.10.2.1}{\376\377\0006\000.\0001\0000\000.\0002\000.\0001\000\040\000c\000u\000r\000s\000o\000r\000T\000o\000B\000T\000D\000e\000v\000A\000v\000e\000r\000a\000g\000e\000E\000n\000c\000o\000u\000n\000t\000e\000r\000D\000u\000r\000a\000t\000i\000o\000n\000\050\000C\000u\000r\000s\000o\000r\000\040\000c\000u\000r\000s\000o\000r\000\051}{subsection.6.10.2}% 107
\BOOKMARK [3][-]{subsubsection.6.10.2.2}{\376\377\0006\000.\0001\0000\000.\0002\000.\0002\000\040\000c\000u\000r\000s\000o\000r\000T\000o\000B\000T\000D\000e\000v\000E\000n\000c\000o\000u\000n\000t\000e\000r\000D\000u\000r\000a\000t\000i\000o\000n\000\050\000C\000u\000r\000s\000o\000r\000\040\000c\000u\000r\000s\000o\000r\000\051}{subsection.6.10.2}% 108
\BOOKMARK [3][-]{subsubsection.6.10.2.3}{\376\377\0006\000.\0001\0000\000.\0002\000.\0003\000\040\000c\000u\000r\000s\000o\000r\000T\000o\000B\000T\000D\000e\000v\000i\000c\000e\000\050\000C\000u\000r\000s\000o\000r\000\040\000c\000u\000r\000s\000o\000r\000\051}{subsection.6.10.2}% 109
\BOOKMARK [3][-]{subsubsection.6.10.2.4}{\376\377\0006\000.\0001\0000\000.\0002\000.\0004\000\040\000c\000u\000r\000s\000o\000r\000T\000o\000B\000T\000D\000e\000v\000S\000o\000c\000i\000a\000l\000W\000e\000i\000g\000h\000t\000\050\000C\000u\000r\000s\000o\000r\000\040\000c\000u\000r\000s\000o\000r\000\051}{subsection.6.10.2}% 110
\BOOKMARK [3][-]{subsubsection.6.10.2.5}{\376\377\0006\000.\0001\0000\000.\0002\000.\0005\000\040\000g\000e\000t\000A\000l\000l\000B\000T\000D\000e\000v\000A\000v\000e\000r\000a\000g\000e\000E\000n\000c\000o\000u\000n\000t\000e\000r\000D\000u\000r\000a\000t\000i\000o\000n\000\050\000\051}{subsection.6.10.2}% 111
\BOOKMARK [3][-]{subsubsection.6.10.2.6}{\376\377\0006\000.\0001\0000\000.\0002\000.\0006\000\040\000g\000e\000t\000A\000l\000l\000B\000T\000D\000e\000v\000E\000n\000c\000o\000u\000n\000t\000e\000r\000D\000u\000r\000a\000t\000i\000o\000n\000\050\000\051}{subsection.6.10.2}% 112
\BOOKMARK [3][-]{subsubsection.6.10.2.7}{\376\377\0006\000.\0001\0000\000.\0002\000.\0007\000\040\000g\000e\000t\000A\000l\000l\000B\000T\000D\000e\000v\000i\000c\000e\000\050\000\051}{subsection.6.10.2}% 113
\BOOKMARK [3][-]{subsubsection.6.10.2.8}{\376\377\0006\000.\0001\0000\000.\0002\000.\0008\000\040\000g\000e\000t\000A\000l\000l\000B\000T\000D\000e\000v\000S\000o\000c\000i\000a\000l\000W\000e\000i\000g\000h\000t\000\050\000\051}{subsection.6.10.2}% 114
\BOOKMARK [3][-]{subsubsection.6.10.2.9}{\376\377\0006\000.\0001\0000\000.\0002\000.\0009\000\040\000g\000e\000t\000B\000T\000D\000e\000v\000i\000c\000e\000\050\000S\000t\000r\000i\000n\000g\000\040\000b\000t\000D\000e\000v\000i\000c\000e\000\051}{subsection.6.10.2}% 115
\BOOKMARK [3][-]{subsubsection.6.10.2.10}{\376\377\0006\000.\0001\0000\000.\0002\000.\0001\0000\000\040\000g\000e\000t\000B\000T\000D\000e\000v\000i\000c\000e\000A\000v\000e\000r\000a\000g\000e\000E\000n\000c\000o\000u\000n\000t\000e\000r\000D\000u\000r\000a\000t\000i\000o\000n\000\050\000S\000t\000r\000i\000n\000g\000\040\000b\000t\000D\000e\000v\000A\000v\000e\000r\000a\000g\000e\000E\000n\000c\000o\000u\000n\000t\000e\000r\000D\000u\000r\000a\000t\000i\000o\000n\000\051}{subsection.6.10.2}% 116
\BOOKMARK [3][-]{subsubsection.6.10.2.11}{\376\377\0006\000.\0001\0000\000.\0002\000.\0001\0001\000\040\000g\000e\000t\000B\000T\000D\000e\000v\000i\000c\000e\000E\000n\000c\000o\000u\000n\000t\000e\000r\000D\000u\000r\000a\000t\000i\000o\000n\000\050\000S\000t\000r\000i\000n\000g\000\040\000b\000t\000D\000e\000v\000E\000n\000c\000o\000u\000n\000t\000e\000r\000D\000u\000r\000a\000t\000i\000o\000n\000\051}{subsection.6.10.2}% 117
\BOOKMARK [3][-]{subsubsection.6.10.2.12}{\376\377\0006\000.\0001\0000\000.\0002\000.\0001\0002\000\040\000g\000e\000t\000B\000T\000D\000e\000v\000i\000c\000e\000S\000o\000c\000i\000a\000l\000W\000e\000i\000g\000h\000t\000\050\000S\000t\000r\000i\000n\000g\000\040\000b\000t\000D\000e\000v\000S\000o\000c\000i\000a\000l\000W\000e\000i\000g\000h\000t\000\051}{subsection.6.10.2}% 118
\BOOKMARK [3][-]{subsubsection.6.10.2.13}{\376\377\0006\000.\0001\0000\000.\0002\000.\0001\0003\000\040\000g\000e\000t\000N\000u\000m\000B\000T\000D\000e\000v\000i\000c\000e\000\050\000\051}{subsection.6.10.2}% 119
\BOOKMARK [3][-]{subsubsection.6.10.2.14}{\376\377\0006\000.\0001\0000\000.\0002\000.\0001\0004\000\040\000h\000a\000s\000B\000T\000D\000e\000v\000i\000c\000e\000\050\000S\000t\000r\000i\000n\000g\000\040\000b\000t\000D\000e\000v\000\051}{subsection.6.10.2}% 120
\BOOKMARK [3][-]{subsubsection.6.10.2.15}{\376\377\0006\000.\0001\0000\000.\0002\000.\0001\0005\000\040\000r\000e\000g\000i\000s\000t\000e\000r\000N\000e\000w\000B\000T\000D\000e\000v\000i\000c\000e\000\050\000B\000T\000U\000s\000e\000r\000D\000e\000v\000i\000c\000e\000\040\000b\000t\000D\000e\000v\000,\000\040\000B\000T\000U\000s\000e\000r\000D\000e\000v\000E\000n\000c\000o\000u\000n\000t\000e\000r\000D\000u\000r\000a\000t\000i\000o\000n\000\040\000d\000u\000r\000a\000t\000i\000o\000n\000,\000\040\000B\000T\000U\000s\000e\000r\000D\000e\000v\000A\000v\000e\000r\000a\000g\000e\000E\000n\000c\000o\000u\000n\000t\000e\000r\000D\000u\000r\000a\000t\000i\000o\000n\000\040\000a\000v\000e\000r\000a\000g\000e\000D\000u\000r\000a\000t\000i\000o\000n\000,\000\040\000B\000T\000U\000s\000e\000r\000D\000e\000v\000S\000o\000c\000i\000a\000l\000W\000e\000i\000g\000h\000t\000\040\000s\000o\000c\000i\000a\000l\000W\000e\000i\000g\000h\000t\000\051}{subsection.6.10.2}% 121
\BOOKMARK [3][-]{subsubsection.6.10.2.16}{\376\377\0006\000.\0001\0000\000.\0002\000.\0001\0006\000\040\000u\000p\000d\000a\000t\000e\000B\000T\000D\000e\000v\000A\000v\000g\000E\000n\000c\000o\000u\000n\000t\000e\000r\000D\000u\000r\000a\000t\000i\000o\000n\000\050\000B\000T\000U\000s\000e\000r\000D\000e\000v\000A\000v\000e\000r\000a\000g\000e\000E\000n\000c\000o\000u\000n\000t\000e\000r\000D\000u\000r\000a\000t\000i\000o\000n\000\040\000a\000v\000e\000r\000a\000g\000e\000D\000u\000r\000a\000t\000i\000o\000n\000\051}{subsection.6.10.2}% 122
\BOOKMARK [3][-]{subsubsection.6.10.2.17}{\376\377\0006\000.\0001\0000\000.\0002\000.\0001\0007\000\040\000u\000p\000d\000a\000t\000e\000B\000T\000D\000e\000v\000i\000c\000e\000A\000n\000d\000D\000u\000r\000a\000t\000i\000o\000n\000\050\000B\000T\000U\000s\000e\000r\000D\000e\000v\000i\000c\000e\000\040\000b\000t\000D\000e\000v\000,\000\040\000B\000T\000U\000s\000e\000r\000D\000e\000v\000E\000n\000c\000o\000u\000n\000t\000e\000r\000D\000u\000r\000a\000t\000i\000o\000n\000\040\000d\000u\000r\000a\000t\000i\000o\000n\000\051}{subsection.6.10.2}% 123
\BOOKMARK [3][-]{subsubsection.6.10.2.18}{\376\377\0006\000.\0001\0000\000.\0002\000.\0001\0008\000\040\000u\000p\000d\000a\000t\000e\000B\000T\000D\000e\000v\000S\000o\000c\000i\000a\000l\000W\000e\000i\000g\000h\000t\000\050\000B\000T\000U\000s\000e\000r\000D\000e\000v\000S\000o\000c\000i\000a\000l\000W\000e\000i\000g\000h\000t\000\040\000s\000o\000c\000i\000a\000l\000W\000e\000i\000g\000h\000t\000\051}{subsection.6.10.2}% 124
\BOOKMARK [2][-]{subsection.6.10.3}{\376\377\0006\000.\0001\0000\000.\0003\000\040\000M\000e\000m\000b\000e\000r\000\040\000D\000a\000t\000a\000\040\000D\000o\000c\000u\000m\000e\000n\000t\000a\000t\000i\000o\000n}{section.6.10}% 125
\BOOKMARK [3][-]{subsubsection.6.10.3.1}{\376\377\0006\000.\0001\0000\000.\0003\000.\0001\000\040\000a\000l\000l\000C\000o\000l\000u\000m\000n\000s\000B\000T\000D\000e\000v\000i\000c\000e\000A\000v\000e\000r\000a\000g\000e\000E\000n\000c\000o\000u\000n\000t\000e\000r\000D\000u\000r\000a\000t\000i\000o\000n}{subsection.6.10.3}% 126
\BOOKMARK [3][-]{subsubsection.6.10.3.2}{\376\377\0006\000.\0001\0000\000.\0003\000.\0002\000\040\000a\000l\000l\000C\000o\000l\000u\000m\000n\000s\000B\000T\000D\000e\000v\000i\000c\000e\000E\000n\000c\000o\000u\000n\000t\000e\000r\000D\000u\000r\000a\000t\000i\000o\000n}{subsection.6.10.3}% 127
\BOOKMARK [3][-]{subsubsection.6.10.3.3}{\376\377\0006\000.\0001\0000\000.\0003\000.\0003\000\040\000a\000l\000l\000C\000o\000l\000u\000m\000n\000s\000B\000T\000D\000e\000v\000i\000c\000e\000s}{subsection.6.10.3}% 128
\BOOKMARK [3][-]{subsubsection.6.10.3.4}{\376\377\0006\000.\0001\0000\000.\0003\000.\0004\000\040\000a\000l\000l\000C\000o\000l\000u\000m\000n\000s\000B\000T\000D\000e\000v\000i\000c\000e\000S\000o\000c\000i\000a\000l\000W\000e\000i\000g\000h\000t}{subsection.6.10.3}% 129
\BOOKMARK [3][-]{subsubsection.6.10.3.5}{\376\377\0006\000.\0001\0000\000.\0003\000.\0005\000\040\000d\000b}{subsection.6.10.3}% 130
\BOOKMARK [1][-]{section.6.11}{\376\377\0006\000.\0001\0001\000\040\000c\000o\000m\000.\000s\000o\000c\000i\000a\000l\000.\000p\000r\000o\000x\000i\000m\000i\000t\000y\000.\000O\000n\000N\000e\000w\000H\000o\000u\000r\000U\000p\000d\000a\000t\000e\000\040\000C\000l\000a\000s\000s\000\040\000R\000e\000f\000e\000r\000e\000n\000c\000e}{chapter.6}% 131
\BOOKMARK [2][-]{subsection.6.11.1}{\376\377\0006\000.\0001\0001\000.\0001\000\040\000C\000o\000n\000s\000t\000r\000u\000c\000t\000o\000r\000\040\000\046\000\040\000D\000e\000s\000t\000r\000u\000c\000t\000o\000r\000\040\000D\000o\000c\000u\000m\000e\000n\000t\000a\000t\000i\000o\000n}{section.6.11}% 132
\BOOKMARK [3][-]{subsubsection.6.11.1.1}{\376\377\0006\000.\0001\0001\000.\0001\000.\0001\000\040\000O\000n\000N\000e\000w\000H\000o\000u\000r\000U\000p\000d\000a\000t\000e\000\050\000D\000a\000t\000a\000b\000a\000s\000e\000F\000u\000n\000c\000t\000i\000o\000n\000s\000\040\000d\000a\000t\000a\000s\000o\000u\000r\000c\000e\0002\000\051}{subsection.6.11.1}% 133
\BOOKMARK [2][-]{subsection.6.11.2}{\376\377\0006\000.\0001\0001\000.\0002\000\040\000M\000e\000m\000b\000e\000r\000\040\000F\000u\000n\000c\000t\000i\000o\000n\000\040\000D\000o\000c\000u\000m\000e\000n\000t\000a\000t\000i\000o\000n}{section.6.11}% 134
\BOOKMARK [3][-]{subsubsection.6.11.2.1}{\376\377\0006\000.\0001\0001\000.\0002\000.\0001\000\040\000g\000e\000t\000T\000i\000m\000e\000S\000l\000o\000t\000\050\000\051}{subsection.6.11.2}% 135
\BOOKMARK [3][-]{subsubsection.6.11.2.2}{\376\377\0006\000.\0001\0001\000.\0002\000.\0002\000\040\000n\000o\000t\000i\000f\000y\000D\000a\000t\000a\000B\000a\000s\000e\000C\000h\000a\000n\000g\000e\000\050\000\051}{subsection.6.11.2}% 136
\BOOKMARK [3][-]{subsubsection.6.11.2.3}{\376\377\0006\000.\0001\0001\000.\0002\000.\0003\000\040\000o\000n\000R\000e\000c\000e\000i\000v\000e\000\050\000C\000o\000n\000t\000e\000x\000t\000\040\000c\000o\000n\000t\000e\000x\000t\000,\000\040\000I\000n\000t\000e\000n\000t\000\040\000i\000n\000t\000e\000n\000t\000\051}{subsection.6.11.2}% 137
\BOOKMARK [3][-]{subsubsection.6.11.2.4}{\376\377\0006\000.\0001\0001\000.\0002\000.\0004\000\040\000s\000h\000o\000w\000D\000e\000v\000i\000c\000e\000s\000O\000n\000D\000B\000\050\000\051}{subsection.6.11.2}% 138
\BOOKMARK [3][-]{subsubsection.6.11.2.5}{\376\377\0006\000.\0001\0001\000.\0002\000.\0005\000\040\000w\000r\000i\000t\000e\000T\000o\000S\000D\000\050\000S\000t\000r\000i\000n\000g\000\040\000t\000e\000x\000t\000\051}{subsection.6.11.2}% 139
\BOOKMARK [2][-]{subsection.6.11.3}{\376\377\0006\000.\0001\0001\000.\0003\000\040\000M\000e\000m\000b\000e\000r\000\040\000D\000a\000t\000a\000\040\000D\000o\000c\000u\000m\000e\000n\000t\000a\000t\000i\000o\000n}{section.6.11}% 140
\BOOKMARK [3][-]{subsubsection.6.11.3.1}{\376\377\0006\000.\0001\0001\000.\0003\000.\0001\000\040\000d\000a\000t\000a\000s\000o\000u\000r\000c\000e}{subsection.6.11.3}% 141
\BOOKMARK [3][-]{subsubsection.6.11.3.2}{\376\377\0006\000.\0001\0001\000.\0003\000.\0002\000\040\000d\000a\000y}{subsection.6.11.3}% 142
\BOOKMARK [3][-]{subsubsection.6.11.3.3}{\376\377\0006\000.\0001\0001\000.\0003\000.\0003\000\040\000l\000i\000s\000t\000e\000n\000e\000r\000s}{subsection.6.11.3}% 143
\BOOKMARK [3][-]{subsubsection.6.11.3.4}{\376\377\0006\000.\0001\0001\000.\0003\000.\0004\000\040\000N\000E\000W\000\137\000H\000O\000U\000R}{subsection.6.11.3}% 144
\BOOKMARK [1][-]{section.6.12}{\376\377\0006\000.\0001\0002\000\040\000c\000o\000m\000.\000s\000o\000c\000i\000a\000l\000.\000p\000r\000o\000x\000i\000m\000i\000t\000y\000.\000S\000o\000c\000i\000a\000l\000P\000r\000o\000x\000i\000m\000i\000t\000y\000\040\000C\000l\000a\000s\000s\000\040\000R\000e\000f\000e\000r\000e\000n\000c\000e}{chapter.6}% 145
\BOOKMARK [2][-]{subsection.6.12.1}{\376\377\0006\000.\0001\0002\000.\0001\000\040\000C\000o\000n\000s\000t\000r\000u\000c\000t\000o\000r\000\040\000\046\000\040\000D\000e\000s\000t\000r\000u\000c\000t\000o\000r\000\040\000D\000o\000c\000u\000m\000e\000n\000t\000a\000t\000i\000o\000n}{section.6.12}% 146
\BOOKMARK [3][-]{subsubsection.6.12.1.1}{\376\377\0006\000.\0001\0002\000.\0001\000.\0001\000\040\000S\000o\000c\000i\000a\000l\000P\000r\000o\000x\000i\000m\000i\000t\000y\000\050\000C\000o\000n\000t\000e\000x\000t\000\040\000c\000o\000n\000t\000e\000x\000t\000,\000\040\000D\000a\000t\000a\000b\000a\000s\000e\000F\000u\000n\000c\000t\000i\000o\000n\000s\000\040\000d\000a\000t\000a\000s\000o\000u\000r\000c\000e\000\051}{subsection.6.12.1}% 147
\BOOKMARK [2][-]{subsection.6.12.2}{\376\377\0006\000.\0001\0002\000.\0002\000\040\000M\000e\000m\000b\000e\000r\000\040\000F\000u\000n\000c\000t\000i\000o\000n\000\040\000D\000o\000c\000u\000m\000e\000n\000t\000a\000t\000i\000o\000n}{section.6.12}% 148
\BOOKMARK [3][-]{subsubsection.6.12.2.1}{\376\377\0006\000.\0001\0002\000.\0002\000.\0001\000\040\000c\000l\000o\000s\000e\000\050\000C\000o\000n\000t\000e\000x\000t\000\040\000c\000o\000n\000t\000e\000x\000t\000\051}{subsection.6.12.2}% 149
\BOOKMARK [3][-]{subsubsection.6.12.2.2}{\376\377\0006\000.\0001\0002\000.\0002\000.\0002\000\040\000g\000e\000t\000S\000o\000c\000i\000a\000l\000W\000e\000i\000g\000h\000t\000D\000e\000t\000a\000i\000l\000s\000\050\000\051}{subsection.6.12.2}% 150
\BOOKMARK [3][-]{subsubsection.6.12.2.3}{\376\377\0006\000.\0001\0002\000.\0002\000.\0003\000\040\000g\000e\000t\000T\000i\000m\000e\000S\000l\000o\000t\000\050\000\051}{subsection.6.12.2}% 151
\BOOKMARK [3][-]{subsubsection.6.12.2.4}{\376\377\0006\000.\0001\0002\000.\0002\000.\0004\000\040\000i\000s\000D\000e\000v\000i\000c\000e\000O\000n\000D\000B\000\050\000S\000t\000r\000i\000n\000g\000\040\000d\000e\000v\000i\000c\000e\000A\000d\000d\000\051}{subsection.6.12.2}% 152
\BOOKMARK [3][-]{subsubsection.6.12.2.5}{\376\377\0006\000.\0001\0002\000.\0002\000.\0005\000\040\000n\000o\000t\000i\000f\000y\000D\000a\000t\000a\000B\000a\000s\000e\000C\000h\000a\000n\000g\000e\000\050\000\051}{subsection.6.12.2}% 153
\BOOKMARK [3][-]{subsubsection.6.12.2.6}{\376\377\0006\000.\0001\0002\000.\0002\000.\0006\000\040\000w\000r\000i\000t\000e\000T\000o\000S\000D\000\050\000S\000t\000r\000i\000n\000g\000\040\000t\000e\000x\000t\000\051}{subsection.6.12.2}% 154
\BOOKMARK [2][-]{subsection.6.12.3}{\376\377\0006\000.\0001\0002\000.\0003\000\040\000M\000e\000m\000b\000e\000r\000\040\000D\000a\000t\000a\000\040\000D\000o\000c\000u\000m\000e\000n\000t\000a\000t\000i\000o\000n}{section.6.12}% 155
\BOOKMARK [3][-]{subsubsection.6.12.3.1}{\376\377\0006\000.\0001\0002\000.\0003\000.\0001\000\040\000a\000l\000a\000r\000m\000I\000n\000t\000e\000n\000t}{subsection.6.12.3}% 156
\BOOKMARK [3][-]{subsubsection.6.12.3.2}{\376\377\0006\000.\0001\0002\000.\0003\000.\0002\000\040\000a\000l\000a\000r\000m\000M\000g\000r}{subsection.6.12.3}% 157
\BOOKMARK [3][-]{subsubsection.6.12.3.3}{\376\377\0006\000.\0001\0002\000.\0003\000.\0003\000\040\000b\000t\000L\000i\000s\000t\000e\000n\000e\000r}{subsection.6.12.3}% 158
\BOOKMARK [3][-]{subsubsection.6.12.3.4}{\376\377\0006\000.\0001\0002\000.\0003\000.\0004\000\040\000c\000o\000n\000t\000e\000x\000t}{subsection.6.12.3}% 159
\BOOKMARK [3][-]{subsubsection.6.12.3.5}{\376\377\0006\000.\0001\0002\000.\0003\000.\0005\000\040\000D\000A\000T\000A\000B\000A\000S\000E\000\137\000C\000H\000A\000N\000G\000E}{subsection.6.12.3}% 160
\BOOKMARK [3][-]{subsubsection.6.12.3.6}{\376\377\0006\000.\0001\0002\000.\0003\000.\0006\000\040\000d\000a\000t\000a\000s\000o\000u\000r\000c\000e}{subsection.6.12.3}% 161
\BOOKMARK [3][-]{subsubsection.6.12.3.7}{\376\377\0006\000.\0001\0002\000.\0003\000.\0007\000\040\000m\000y\000B\000T\000M\000a\000n\000a\000g\000e\000r}{subsection.6.12.3}% 162
\BOOKMARK [3][-]{subsubsection.6.12.3.8}{\376\377\0006\000.\0001\0002\000.\0003\000.\0008\000\040\000n\000e\000w\000H\000o\000u\000r}{subsection.6.12.3}% 163
\BOOKMARK [3][-]{subsubsection.6.12.3.9}{\376\377\0006\000.\0001\0002\000.\0003\000.\0009\000\040\000T\000A\000G}{subsection.6.12.3}% 164
\BOOKMARK [1][-]{section.6.13}{\376\377\0006\000.\0001\0003\000\040\000c\000o\000m\000.\000s\000o\000c\000i\000a\000l\000.\000p\000r\000o\000x\000i\000m\000i\000t\000y\000.\000S\000o\000c\000i\000a\000l\000W\000e\000i\000g\000h\000t\000\040\000C\000l\000a\000s\000s\000\040\000R\000e\000f\000e\000r\000e\000n\000c\000e}{chapter.6}% 165
\BOOKMARK [2][-]{subsection.6.13.1}{\376\377\0006\000.\0001\0003\000.\0001\000\040\000C\000o\000n\000s\000t\000r\000u\000c\000t\000o\000r\000\040\000\046\000\040\000D\000e\000s\000t\000r\000u\000c\000t\000o\000r\000\040\000D\000o\000c\000u\000m\000e\000n\000t\000a\000t\000i\000o\000n}{section.6.13}% 166
\BOOKMARK [3][-]{subsubsection.6.13.1.1}{\376\377\0006\000.\0001\0003\000.\0001\000.\0001\000\040\000S\000o\000c\000i\000a\000l\000W\000e\000i\000g\000h\000t\000\050\000\051}{subsection.6.13.1}% 167
\BOOKMARK [3][-]{subsubsection.6.13.1.2}{\376\377\0006\000.\0001\0003\000.\0001\000.\0002\000\040\000S\000o\000c\000i\000a\000l\000W\000e\000i\000g\000h\000t\000\050\000P\000a\000r\000c\000e\000l\000\040\000s\000o\000u\000r\000c\000e\000\051}{subsection.6.13.1}% 168
\BOOKMARK [2][-]{subsection.6.13.2}{\376\377\0006\000.\0001\0003\000.\0002\000\040\000M\000e\000m\000b\000e\000r\000\040\000F\000u\000n\000c\000t\000i\000o\000n\000\040\000D\000o\000c\000u\000m\000e\000n\000t\000a\000t\000i\000o\000n}{section.6.13}% 169
\BOOKMARK [3][-]{subsubsection.6.13.2.1}{\376\377\0006\000.\0001\0003\000.\0002\000.\0001\000\040\000d\000e\000s\000c\000r\000i\000b\000e\000C\000o\000n\000t\000e\000n\000t\000s\000\050\000\051}{subsection.6.13.2}% 170
\BOOKMARK [3][-]{subsubsection.6.13.2.2}{\376\377\0006\000.\0001\0003\000.\0002\000.\0002\000\040\000g\000e\000t\000D\000e\000v\000i\000c\000e\000N\000a\000m\000e\000\050\000\051}{subsection.6.13.2}% 171
\BOOKMARK [3][-]{subsubsection.6.13.2.3}{\376\377\0006\000.\0001\0003\000.\0002\000.\0003\000\040\000g\000e\000t\000M\000a\000c\000A\000d\000d\000r\000e\000s\000s\000\050\000\051}{subsection.6.13.2}% 172
\BOOKMARK [3][-]{subsubsection.6.13.2.4}{\376\377\0006\000.\0001\0003\000.\0002\000.\0004\000\040\000g\000e\000t\000S\000o\000c\000i\000a\000l\000W\000e\000i\000g\000h\000t\000\050\000\051}{subsection.6.13.2}% 173
\BOOKMARK [3][-]{subsubsection.6.13.2.5}{\376\377\0006\000.\0001\0003\000.\0002\000.\0005\000\040\000s\000e\000t\000D\000e\000v\000i\000c\000e\000N\000a\000m\000e\000\050\000S\000t\000r\000i\000n\000g\000\040\000m\000D\000e\000v\000i\000c\000e\000N\000a\000m\000e\000\051}{subsection.6.13.2}% 174
\BOOKMARK [3][-]{subsubsection.6.13.2.6}{\376\377\0006\000.\0001\0003\000.\0002\000.\0006\000\040\000s\000e\000t\000M\000a\000c\000A\000d\000d\000r\000e\000s\000s\000\050\000S\000t\000r\000i\000n\000g\000\040\000m\000M\000a\000c\000A\000d\000d\000r\000e\000s\000s\000\051}{subsection.6.13.2}% 175
\BOOKMARK [3][-]{subsubsection.6.13.2.7}{\376\377\0006\000.\0001\0003\000.\0002\000.\0007\000\040\000s\000e\000t\000S\000o\000c\000i\000a\000l\000W\000e\000i\000g\000h\000t\000\050\000i\000n\000t\000\040\000m\000S\000o\000c\000i\000a\000l\000W\000e\000i\000g\000h\000t\000\051}{subsection.6.13.2}% 176
\BOOKMARK [3][-]{subsubsection.6.13.2.8}{\376\377\0006\000.\0001\0003\000.\0002\000.\0008\000\040\000w\000r\000i\000t\000e\000T\000o\000P\000a\000r\000c\000e\000l\000\050\000P\000a\000r\000c\000e\000l\000\040\000d\000e\000s\000t\000,\000\040\000i\000n\000t\000\040\000f\000l\000a\000g\000s\000\051}{subsection.6.13.2}% 177
\BOOKMARK [2][-]{subsection.6.13.3}{\376\377\0006\000.\0001\0003\000.\0003\000\040\000M\000e\000m\000b\000e\000r\000\040\000D\000a\000t\000a\000\040\000D\000o\000c\000u\000m\000e\000n\000t\000a\000t\000i\000o\000n}{section.6.13}% 178
\BOOKMARK [3][-]{subsubsection.6.13.3.1}{\376\377\0006\000.\0001\0003\000.\0003\000.\0001\000\040\000C\000R\000E\000A\000T\000O\000R}{subsection.6.13.3}% 179
\BOOKMARK [3][-]{subsubsection.6.13.3.2}{\376\377\0006\000.\0001\0003\000.\0003\000.\0002\000\040\000m\000D\000e\000v\000i\000c\000e\000N\000a\000m\000e}{subsection.6.13.3}% 180
\BOOKMARK [3][-]{subsubsection.6.13.3.3}{\376\377\0006\000.\0001\0003\000.\0003\000.\0003\000\040\000m\000M\000a\000c\000A\000d\000d\000r\000e\000s\000s}{subsection.6.13.3}% 181
\BOOKMARK [3][-]{subsubsection.6.13.3.4}{\376\377\0006\000.\0001\0003\000.\0003\000.\0004\000\040\000m\000S\000o\000c\000i\000a\000l\000W\000e\000i\000g\000h\000t}{subsection.6.13.3}% 182
\BOOKMARK [3][-]{subsubsection.6.13.3.5}{\376\377\0006\000.\0001\0003\000.\0003\000.\0005\000\040\000s\000o\000c\000i\000a\000l\000W\000e\000i\000g\000h\000t\000\137\000k\000e\000y}{subsection.6.13.3}% 183
\BOOKMARK [1][-]{section.6.14}{\376\377\0006\000.\0001\0004\000\040\000c\000o\000m\000.\000s\000o\000c\000i\000a\000l\000.\000p\000r\000o\000x\000i\000m\000i\000t\000y\000.\000S\000Q\000L\000i\000t\000e\000H\000e\000l\000p\000e\000r\000\040\000C\000l\000a\000s\000s\000\040\000R\000e\000f\000e\000r\000e\000n\000c\000e}{chapter.6}% 184
\BOOKMARK [2][-]{subsection.6.14.1}{\376\377\0006\000.\0001\0004\000.\0001\000\040\000C\000o\000n\000s\000t\000r\000u\000c\000t\000o\000r\000\040\000\046\000\040\000D\000e\000s\000t\000r\000u\000c\000t\000o\000r\000\040\000D\000o\000c\000u\000m\000e\000n\000t\000a\000t\000i\000o\000n}{section.6.14}% 185
\BOOKMARK [3][-]{subsubsection.6.14.1.1}{\376\377\0006\000.\0001\0004\000.\0001\000.\0001\000\040\000S\000Q\000L\000i\000t\000e\000H\000e\000l\000p\000e\000r\000\050\000C\000o\000n\000t\000e\000x\000t\000\040\000c\000o\000n\000t\000e\000x\000t\000\051}{subsection.6.14.1}% 186
\BOOKMARK [2][-]{subsection.6.14.2}{\376\377\0006\000.\0001\0004\000.\0002\000\040\000M\000e\000m\000b\000e\000r\000\040\000F\000u\000n\000c\000t\000i\000o\000n\000\040\000D\000o\000c\000u\000m\000e\000n\000t\000a\000t\000i\000o\000n}{section.6.14}% 187
\BOOKMARK [3][-]{subsubsection.6.14.2.1}{\376\377\0006\000.\0001\0004\000.\0002\000.\0001\000\040\000o\000n\000C\000r\000e\000a\000t\000e\000\050\000S\000Q\000L\000i\000t\000e\000D\000a\000t\000a\000b\000a\000s\000e\000\040\000d\000a\000t\000a\000B\000a\000s\000e\000\051}{subsection.6.14.2}% 188
\BOOKMARK [3][-]{subsubsection.6.14.2.2}{\376\377\0006\000.\0001\0004\000.\0002\000.\0002\000\040\000o\000n\000U\000p\000g\000r\000a\000d\000e\000\050\000S\000Q\000L\000i\000t\000e\000D\000a\000t\000a\000b\000a\000s\000e\000\040\000d\000a\000t\000a\000B\000a\000s\000e\000,\000\040\000i\000n\000t\000\040\000o\000l\000d\000V\000e\000r\000s\000i\000o\000n\000,\000\040\000i\000n\000t\000\040\000n\000e\000w\000V\000e\000r\000s\000i\000o\000n\000\051}{subsection.6.14.2}% 189
\BOOKMARK [2][-]{subsection.6.14.3}{\376\377\0006\000.\0001\0004\000.\0003\000\040\000M\000e\000m\000b\000e\000r\000\040\000D\000a\000t\000a\000\040\000D\000o\000c\000u\000m\000e\000n\000t\000a\000t\000i\000o\000n}{section.6.14}% 190
\BOOKMARK [3][-]{subsubsection.6.14.3.1}{\376\377\0006\000.\0001\0004\000.\0003\000.\0001\000\040\000C\000O\000L\000U\000M\000N\000\137\000B\000T\000D\000E\000V\000\137\000A\000V\000G\000E\000N\000C\000O\000U\000N\000T\000E\000R\000D\000U\000R\000A\000T\000I\000O\000N\000\137\000S\000L\000O\000T\0001}{subsection.6.14.3}% 191
\BOOKMARK [3][-]{subsubsection.6.14.3.2}{\376\377\0006\000.\0001\0004\000.\0003\000.\0002\000\040\000C\000O\000L\000U\000M\000N\000\137\000B\000T\000D\000E\000V\000\137\000A\000V\000G\000E\000N\000C\000O\000U\000N\000T\000E\000R\000D\000U\000R\000A\000T\000I\000O\000N\000\137\000S\000L\000O\000T\0001\0000}{subsection.6.14.3}% 192
\BOOKMARK [3][-]{subsubsection.6.14.3.3}{\376\377\0006\000.\0001\0004\000.\0003\000.\0003\000\040\000C\000O\000L\000U\000M\000N\000\137\000B\000T\000D\000E\000V\000\137\000A\000V\000G\000E\000N\000C\000O\000U\000N\000T\000E\000R\000D\000U\000R\000A\000T\000I\000O\000N\000\137\000S\000L\000O\000T\0001\0001}{subsection.6.14.3}% 193
\BOOKMARK [3][-]{subsubsection.6.14.3.4}{\376\377\0006\000.\0001\0004\000.\0003\000.\0004\000\040\000C\000O\000L\000U\000M\000N\000\137\000B\000T\000D\000E\000V\000\137\000A\000V\000G\000E\000N\000C\000O\000U\000N\000T\000E\000R\000D\000U\000R\000A\000T\000I\000O\000N\000\137\000S\000L\000O\000T\0001\0002}{subsection.6.14.3}% 194
\BOOKMARK [3][-]{subsubsection.6.14.3.5}{\376\377\0006\000.\0001\0004\000.\0003\000.\0005\000\040\000C\000O\000L\000U\000M\000N\000\137\000B\000T\000D\000E\000V\000\137\000A\000V\000G\000E\000N\000C\000O\000U\000N\000T\000E\000R\000D\000U\000R\000A\000T\000I\000O\000N\000\137\000S\000L\000O\000T\0001\0003}{subsection.6.14.3}% 195
\BOOKMARK [3][-]{subsubsection.6.14.3.6}{\376\377\0006\000.\0001\0004\000.\0003\000.\0006\000\040\000C\000O\000L\000U\000M\000N\000\137\000B\000T\000D\000E\000V\000\137\000A\000V\000G\000E\000N\000C\000O\000U\000N\000T\000E\000R\000D\000U\000R\000A\000T\000I\000O\000N\000\137\000S\000L\000O\000T\0001\0004}{subsection.6.14.3}% 196
\BOOKMARK [3][-]{subsubsection.6.14.3.7}{\376\377\0006\000.\0001\0004\000.\0003\000.\0007\000\040\000C\000O\000L\000U\000M\000N\000\137\000B\000T\000D\000E\000V\000\137\000A\000V\000G\000E\000N\000C\000O\000U\000N\000T\000E\000R\000D\000U\000R\000A\000T\000I\000O\000N\000\137\000S\000L\000O\000T\0001\0005}{subsection.6.14.3}% 197
\BOOKMARK [3][-]{subsubsection.6.14.3.8}{\376\377\0006\000.\0001\0004\000.\0003\000.\0008\000\040\000C\000O\000L\000U\000M\000N\000\137\000B\000T\000D\000E\000V\000\137\000A\000V\000G\000E\000N\000C\000O\000U\000N\000T\000E\000R\000D\000U\000R\000A\000T\000I\000O\000N\000\137\000S\000L\000O\000T\0001\0006}{subsection.6.14.3}% 198
\BOOKMARK [3][-]{subsubsection.6.14.3.9}{\376\377\0006\000.\0001\0004\000.\0003\000.\0009\000\040\000C\000O\000L\000U\000M\000N\000\137\000B\000T\000D\000E\000V\000\137\000A\000V\000G\000E\000N\000C\000O\000U\000N\000T\000E\000R\000D\000U\000R\000A\000T\000I\000O\000N\000\137\000S\000L\000O\000T\0001\0007}{subsection.6.14.3}% 199
\BOOKMARK [3][-]{subsubsection.6.14.3.10}{\376\377\0006\000.\0001\0004\000.\0003\000.\0001\0000\000\040\000C\000O\000L\000U\000M\000N\000\137\000B\000T\000D\000E\000V\000\137\000A\000V\000G\000E\000N\000C\000O\000U\000N\000T\000E\000R\000D\000U\000R\000A\000T\000I\000O\000N\000\137\000S\000L\000O\000T\0001\0008}{subsection.6.14.3}% 200
\BOOKMARK [3][-]{subsubsection.6.14.3.11}{\376\377\0006\000.\0001\0004\000.\0003\000.\0001\0001\000\040\000C\000O\000L\000U\000M\000N\000\137\000B\000T\000D\000E\000V\000\137\000A\000V\000G\000E\000N\000C\000O\000U\000N\000T\000E\000R\000D\000U\000R\000A\000T\000I\000O\000N\000\137\000S\000L\000O\000T\0001\0009}{subsection.6.14.3}% 201
\BOOKMARK [3][-]{subsubsection.6.14.3.12}{\376\377\0006\000.\0001\0004\000.\0003\000.\0001\0002\000\040\000C\000O\000L\000U\000M\000N\000\137\000B\000T\000D\000E\000V\000\137\000A\000V\000G\000E\000N\000C\000O\000U\000N\000T\000E\000R\000D\000U\000R\000A\000T\000I\000O\000N\000\137\000S\000L\000O\000T\0002}{subsection.6.14.3}% 202
\BOOKMARK [3][-]{subsubsection.6.14.3.13}{\376\377\0006\000.\0001\0004\000.\0003\000.\0001\0003\000\040\000C\000O\000L\000U\000M\000N\000\137\000B\000T\000D\000E\000V\000\137\000A\000V\000G\000E\000N\000C\000O\000U\000N\000T\000E\000R\000D\000U\000R\000A\000T\000I\000O\000N\000\137\000S\000L\000O\000T\0002\0000}{subsection.6.14.3}% 203
\BOOKMARK [3][-]{subsubsection.6.14.3.14}{\376\377\0006\000.\0001\0004\000.\0003\000.\0001\0004\000\040\000C\000O\000L\000U\000M\000N\000\137\000B\000T\000D\000E\000V\000\137\000A\000V\000G\000E\000N\000C\000O\000U\000N\000T\000E\000R\000D\000U\000R\000A\000T\000I\000O\000N\000\137\000S\000L\000O\000T\0002\0001}{subsection.6.14.3}% 204
\BOOKMARK [3][-]{subsubsection.6.14.3.15}{\376\377\0006\000.\0001\0004\000.\0003\000.\0001\0005\000\040\000C\000O\000L\000U\000M\000N\000\137\000B\000T\000D\000E\000V\000\137\000A\000V\000G\000E\000N\000C\000O\000U\000N\000T\000E\000R\000D\000U\000R\000A\000T\000I\000O\000N\000\137\000S\000L\000O\000T\0002\0002}{subsection.6.14.3}% 205
\BOOKMARK [3][-]{subsubsection.6.14.3.16}{\376\377\0006\000.\0001\0004\000.\0003\000.\0001\0006\000\040\000C\000O\000L\000U\000M\000N\000\137\000B\000T\000D\000E\000V\000\137\000A\000V\000G\000E\000N\000C\000O\000U\000N\000T\000E\000R\000D\000U\000R\000A\000T\000I\000O\000N\000\137\000S\000L\000O\000T\0002\0003}{subsection.6.14.3}% 206
\BOOKMARK [3][-]{subsubsection.6.14.3.17}{\376\377\0006\000.\0001\0004\000.\0003\000.\0001\0007\000\040\000C\000O\000L\000U\000M\000N\000\137\000B\000T\000D\000E\000V\000\137\000A\000V\000G\000E\000N\000C\000O\000U\000N\000T\000E\000R\000D\000U\000R\000A\000T\000I\000O\000N\000\137\000S\000L\000O\000T\0002\0004}{subsection.6.14.3}% 207
\BOOKMARK [3][-]{subsubsection.6.14.3.18}{\376\377\0006\000.\0001\0004\000.\0003\000.\0001\0008\000\040\000C\000O\000L\000U\000M\000N\000\137\000B\000T\000D\000E\000V\000\137\000A\000V\000G\000E\000N\000C\000O\000U\000N\000T\000E\000R\000D\000U\000R\000A\000T\000I\000O\000N\000\137\000S\000L\000O\000T\0003}{subsection.6.14.3}% 208
\BOOKMARK [3][-]{subsubsection.6.14.3.19}{\376\377\0006\000.\0001\0004\000.\0003\000.\0001\0009\000\040\000C\000O\000L\000U\000M\000N\000\137\000B\000T\000D\000E\000V\000\137\000A\000V\000G\000E\000N\000C\000O\000U\000N\000T\000E\000R\000D\000U\000R\000A\000T\000I\000O\000N\000\137\000S\000L\000O\000T\0004}{subsection.6.14.3}% 209
\BOOKMARK [3][-]{subsubsection.6.14.3.20}{\376\377\0006\000.\0001\0004\000.\0003\000.\0002\0000\000\040\000C\000O\000L\000U\000M\000N\000\137\000B\000T\000D\000E\000V\000\137\000A\000V\000G\000E\000N\000C\000O\000U\000N\000T\000E\000R\000D\000U\000R\000A\000T\000I\000O\000N\000\137\000S\000L\000O\000T\0005}{subsection.6.14.3}% 210
\BOOKMARK [3][-]{subsubsection.6.14.3.21}{\376\377\0006\000.\0001\0004\000.\0003\000.\0002\0001\000\040\000C\000O\000L\000U\000M\000N\000\137\000B\000T\000D\000E\000V\000\137\000A\000V\000G\000E\000N\000C\000O\000U\000N\000T\000E\000R\000D\000U\000R\000A\000T\000I\000O\000N\000\137\000S\000L\000O\000T\0006}{subsection.6.14.3}% 211
\BOOKMARK [3][-]{subsubsection.6.14.3.22}{\376\377\0006\000.\0001\0004\000.\0003\000.\0002\0002\000\040\000C\000O\000L\000U\000M\000N\000\137\000B\000T\000D\000E\000V\000\137\000A\000V\000G\000E\000N\000C\000O\000U\000N\000T\000E\000R\000D\000U\000R\000A\000T\000I\000O\000N\000\137\000S\000L\000O\000T\0007}{subsection.6.14.3}% 212
\BOOKMARK [3][-]{subsubsection.6.14.3.23}{\376\377\0006\000.\0001\0004\000.\0003\000.\0002\0003\000\040\000C\000O\000L\000U\000M\000N\000\137\000B\000T\000D\000E\000V\000\137\000A\000V\000G\000E\000N\000C\000O\000U\000N\000T\000E\000R\000D\000U\000R\000A\000T\000I\000O\000N\000\137\000S\000L\000O\000T\0008}{subsection.6.14.3}% 213
\BOOKMARK [3][-]{subsubsection.6.14.3.24}{\376\377\0006\000.\0001\0004\000.\0003\000.\0002\0004\000\040\000C\000O\000L\000U\000M\000N\000\137\000B\000T\000D\000E\000V\000\137\000A\000V\000G\000E\000N\000C\000O\000U\000N\000T\000E\000R\000D\000U\000R\000A\000T\000I\000O\000N\000\137\000S\000L\000O\000T\0009}{subsection.6.14.3}% 214
\BOOKMARK [3][-]{subsubsection.6.14.3.25}{\376\377\0006\000.\0001\0004\000.\0003\000.\0002\0005\000\040\000C\000O\000L\000U\000M\000N\000\137\000B\000T\000D\000E\000V\000\137\000E\000N\000C\000O\000U\000N\000T\000E\000R\000D\000U\000R\000A\000T\000I\000O\000N\000\137\000S\000L\000O\000T\0001}{subsection.6.14.3}% 215
\BOOKMARK [3][-]{subsubsection.6.14.3.26}{\376\377\0006\000.\0001\0004\000.\0003\000.\0002\0006\000\040\000C\000O\000L\000U\000M\000N\000\137\000B\000T\000D\000E\000V\000\137\000E\000N\000C\000O\000U\000N\000T\000E\000R\000D\000U\000R\000A\000T\000I\000O\000N\000\137\000S\000L\000O\000T\0001\0000}{subsection.6.14.3}% 216
\BOOKMARK [3][-]{subsubsection.6.14.3.27}{\376\377\0006\000.\0001\0004\000.\0003\000.\0002\0007\000\040\000C\000O\000L\000U\000M\000N\000\137\000B\000T\000D\000E\000V\000\137\000E\000N\000C\000O\000U\000N\000T\000E\000R\000D\000U\000R\000A\000T\000I\000O\000N\000\137\000S\000L\000O\000T\0001\0001}{subsection.6.14.3}% 217
\BOOKMARK [3][-]{subsubsection.6.14.3.28}{\376\377\0006\000.\0001\0004\000.\0003\000.\0002\0008\000\040\000C\000O\000L\000U\000M\000N\000\137\000B\000T\000D\000E\000V\000\137\000E\000N\000C\000O\000U\000N\000T\000E\000R\000D\000U\000R\000A\000T\000I\000O\000N\000\137\000S\000L\000O\000T\0001\0002}{subsection.6.14.3}% 218
\BOOKMARK [3][-]{subsubsection.6.14.3.29}{\376\377\0006\000.\0001\0004\000.\0003\000.\0002\0009\000\040\000C\000O\000L\000U\000M\000N\000\137\000B\000T\000D\000E\000V\000\137\000E\000N\000C\000O\000U\000N\000T\000E\000R\000D\000U\000R\000A\000T\000I\000O\000N\000\137\000S\000L\000O\000T\0001\0003}{subsection.6.14.3}% 219
\BOOKMARK [3][-]{subsubsection.6.14.3.30}{\376\377\0006\000.\0001\0004\000.\0003\000.\0003\0000\000\040\000C\000O\000L\000U\000M\000N\000\137\000B\000T\000D\000E\000V\000\137\000E\000N\000C\000O\000U\000N\000T\000E\000R\000D\000U\000R\000A\000T\000I\000O\000N\000\137\000S\000L\000O\000T\0001\0004}{subsection.6.14.3}% 220
\BOOKMARK [3][-]{subsubsection.6.14.3.31}{\376\377\0006\000.\0001\0004\000.\0003\000.\0003\0001\000\040\000C\000O\000L\000U\000M\000N\000\137\000B\000T\000D\000E\000V\000\137\000E\000N\000C\000O\000U\000N\000T\000E\000R\000D\000U\000R\000A\000T\000I\000O\000N\000\137\000S\000L\000O\000T\0001\0005}{subsection.6.14.3}% 221
\BOOKMARK [3][-]{subsubsection.6.14.3.32}{\376\377\0006\000.\0001\0004\000.\0003\000.\0003\0002\000\040\000C\000O\000L\000U\000M\000N\000\137\000B\000T\000D\000E\000V\000\137\000E\000N\000C\000O\000U\000N\000T\000E\000R\000D\000U\000R\000A\000T\000I\000O\000N\000\137\000S\000L\000O\000T\0001\0006}{subsection.6.14.3}% 222
\BOOKMARK [3][-]{subsubsection.6.14.3.33}{\376\377\0006\000.\0001\0004\000.\0003\000.\0003\0003\000\040\000C\000O\000L\000U\000M\000N\000\137\000B\000T\000D\000E\000V\000\137\000E\000N\000C\000O\000U\000N\000T\000E\000R\000D\000U\000R\000A\000T\000I\000O\000N\000\137\000S\000L\000O\000T\0001\0007}{subsection.6.14.3}% 223
\BOOKMARK [3][-]{subsubsection.6.14.3.34}{\376\377\0006\000.\0001\0004\000.\0003\000.\0003\0004\000\040\000C\000O\000L\000U\000M\000N\000\137\000B\000T\000D\000E\000V\000\137\000E\000N\000C\000O\000U\000N\000T\000E\000R\000D\000U\000R\000A\000T\000I\000O\000N\000\137\000S\000L\000O\000T\0001\0008}{subsection.6.14.3}% 224
\BOOKMARK [3][-]{subsubsection.6.14.3.35}{\376\377\0006\000.\0001\0004\000.\0003\000.\0003\0005\000\040\000C\000O\000L\000U\000M\000N\000\137\000B\000T\000D\000E\000V\000\137\000E\000N\000C\000O\000U\000N\000T\000E\000R\000D\000U\000R\000A\000T\000I\000O\000N\000\137\000S\000L\000O\000T\0001\0009}{subsection.6.14.3}% 225
\BOOKMARK [3][-]{subsubsection.6.14.3.36}{\376\377\0006\000.\0001\0004\000.\0003\000.\0003\0006\000\040\000C\000O\000L\000U\000M\000N\000\137\000B\000T\000D\000E\000V\000\137\000E\000N\000C\000O\000U\000N\000T\000E\000R\000D\000U\000R\000A\000T\000I\000O\000N\000\137\000S\000L\000O\000T\0002}{subsection.6.14.3}% 226
\BOOKMARK [3][-]{subsubsection.6.14.3.37}{\376\377\0006\000.\0001\0004\000.\0003\000.\0003\0007\000\040\000C\000O\000L\000U\000M\000N\000\137\000B\000T\000D\000E\000V\000\137\000E\000N\000C\000O\000U\000N\000T\000E\000R\000D\000U\000R\000A\000T\000I\000O\000N\000\137\000S\000L\000O\000T\0002\0000}{subsection.6.14.3}% 227
\BOOKMARK [3][-]{subsubsection.6.14.3.38}{\376\377\0006\000.\0001\0004\000.\0003\000.\0003\0008\000\040\000C\000O\000L\000U\000M\000N\000\137\000B\000T\000D\000E\000V\000\137\000E\000N\000C\000O\000U\000N\000T\000E\000R\000D\000U\000R\000A\000T\000I\000O\000N\000\137\000S\000L\000O\000T\0002\0001}{subsection.6.14.3}% 228
\BOOKMARK [3][-]{subsubsection.6.14.3.39}{\376\377\0006\000.\0001\0004\000.\0003\000.\0003\0009\000\040\000C\000O\000L\000U\000M\000N\000\137\000B\000T\000D\000E\000V\000\137\000E\000N\000C\000O\000U\000N\000T\000E\000R\000D\000U\000R\000A\000T\000I\000O\000N\000\137\000S\000L\000O\000T\0002\0002}{subsection.6.14.3}% 229
\BOOKMARK [3][-]{subsubsection.6.14.3.40}{\376\377\0006\000.\0001\0004\000.\0003\000.\0004\0000\000\040\000C\000O\000L\000U\000M\000N\000\137\000B\000T\000D\000E\000V\000\137\000E\000N\000C\000O\000U\000N\000T\000E\000R\000D\000U\000R\000A\000T\000I\000O\000N\000\137\000S\000L\000O\000T\0002\0003}{subsection.6.14.3}% 230
\BOOKMARK [3][-]{subsubsection.6.14.3.41}{\376\377\0006\000.\0001\0004\000.\0003\000.\0004\0001\000\040\000C\000O\000L\000U\000M\000N\000\137\000B\000T\000D\000E\000V\000\137\000E\000N\000C\000O\000U\000N\000T\000E\000R\000D\000U\000R\000A\000T\000I\000O\000N\000\137\000S\000L\000O\000T\0002\0004}{subsection.6.14.3}% 231
\BOOKMARK [3][-]{subsubsection.6.14.3.42}{\376\377\0006\000.\0001\0004\000.\0003\000.\0004\0002\000\040\000C\000O\000L\000U\000M\000N\000\137\000B\000T\000D\000E\000V\000\137\000E\000N\000C\000O\000U\000N\000T\000E\000R\000D\000U\000R\000A\000T\000I\000O\000N\000\137\000S\000L\000O\000T\0003}{subsection.6.14.3}% 232
\BOOKMARK [3][-]{subsubsection.6.14.3.43}{\376\377\0006\000.\0001\0004\000.\0003\000.\0004\0003\000\040\000C\000O\000L\000U\000M\000N\000\137\000B\000T\000D\000E\000V\000\137\000E\000N\000C\000O\000U\000N\000T\000E\000R\000D\000U\000R\000A\000T\000I\000O\000N\000\137\000S\000L\000O\000T\0004}{subsection.6.14.3}% 233
\BOOKMARK [3][-]{subsubsection.6.14.3.44}{\376\377\0006\000.\0001\0004\000.\0003\000.\0004\0004\000\040\000C\000O\000L\000U\000M\000N\000\137\000B\000T\000D\000E\000V\000\137\000E\000N\000C\000O\000U\000N\000T\000E\000R\000D\000U\000R\000A\000T\000I\000O\000N\000\137\000S\000L\000O\000T\0005}{subsection.6.14.3}% 234
\BOOKMARK [3][-]{subsubsection.6.14.3.45}{\376\377\0006\000.\0001\0004\000.\0003\000.\0004\0005\000\040\000C\000O\000L\000U\000M\000N\000\137\000B\000T\000D\000E\000V\000\137\000E\000N\000C\000O\000U\000N\000T\000E\000R\000D\000U\000R\000A\000T\000I\000O\000N\000\137\000S\000L\000O\000T\0006}{subsection.6.14.3}% 235
\BOOKMARK [3][-]{subsubsection.6.14.3.46}{\376\377\0006\000.\0001\0004\000.\0003\000.\0004\0006\000\040\000C\000O\000L\000U\000M\000N\000\137\000B\000T\000D\000E\000V\000\137\000E\000N\000C\000O\000U\000N\000T\000E\000R\000D\000U\000R\000A\000T\000I\000O\000N\000\137\000S\000L\000O\000T\0007}{subsection.6.14.3}% 236
\BOOKMARK [3][-]{subsubsection.6.14.3.47}{\376\377\0006\000.\0001\0004\000.\0003\000.\0004\0007\000\040\000C\000O\000L\000U\000M\000N\000\137\000B\000T\000D\000E\000V\000\137\000E\000N\000C\000O\000U\000N\000T\000E\000R\000D\000U\000R\000A\000T\000I\000O\000N\000\137\000S\000L\000O\000T\0008}{subsection.6.14.3}% 237
\BOOKMARK [3][-]{subsubsection.6.14.3.48}{\376\377\0006\000.\0001\0004\000.\0003\000.\0004\0008\000\040\000C\000O\000L\000U\000M\000N\000\137\000B\000T\000D\000E\000V\000\137\000E\000N\000C\000O\000U\000N\000T\000E\000R\000D\000U\000R\000A\000T\000I\000O\000N\000\137\000S\000L\000O\000T\0009}{subsection.6.14.3}% 238
\BOOKMARK [3][-]{subsubsection.6.14.3.49}{\376\377\0006\000.\0001\0004\000.\0003\000.\0004\0009\000\040\000C\000O\000L\000U\000M\000N\000\137\000B\000T\000D\000E\000V\000\137\000E\000N\000C\000O\000U\000N\000T\000E\000R\000S\000T\000A\000R\000T}{subsection.6.14.3}% 239
\BOOKMARK [3][-]{subsubsection.6.14.3.50}{\376\377\0006\000.\0001\0004\000.\0003\000.\0005\0000\000\040\000C\000O\000L\000U\000M\000N\000\137\000B\000T\000D\000E\000V\000\137\000M\000A\000C\000\137\000A\000D\000D\000R\000E\000S\000S}{subsection.6.14.3}% 240
\BOOKMARK [3][-]{subsubsection.6.14.3.51}{\376\377\0006\000.\0001\0004\000.\0003\000.\0005\0001\000\040\000C\000O\000L\000U\000M\000N\000\137\000B\000T\000D\000E\000V\000\137\000N\000A\000M\000E}{subsection.6.14.3}% 241
\BOOKMARK [3][-]{subsubsection.6.14.3.52}{\376\377\0006\000.\0001\0004\000.\0003\000.\0005\0002\000\040\000C\000O\000L\000U\000M\000N\000\137\000B\000T\000D\000E\000V\000\137\000S\000O\000C\000I\000A\000L\000W\000E\000I\000G\000H\000T\000\137\000S\000L\000O\000T\0001}{subsection.6.14.3}% 242
\BOOKMARK [3][-]{subsubsection.6.14.3.53}{\376\377\0006\000.\0001\0004\000.\0003\000.\0005\0003\000\040\000C\000O\000L\000U\000M\000N\000\137\000B\000T\000D\000E\000V\000\137\000S\000O\000C\000I\000A\000L\000W\000E\000I\000G\000H\000T\000\137\000S\000L\000O\000T\0001\0000}{subsection.6.14.3}% 243
\BOOKMARK [3][-]{subsubsection.6.14.3.54}{\376\377\0006\000.\0001\0004\000.\0003\000.\0005\0004\000\040\000C\000O\000L\000U\000M\000N\000\137\000B\000T\000D\000E\000V\000\137\000S\000O\000C\000I\000A\000L\000W\000E\000I\000G\000H\000T\000\137\000S\000L\000O\000T\0001\0001}{subsection.6.14.3}% 244
\BOOKMARK [3][-]{subsubsection.6.14.3.55}{\376\377\0006\000.\0001\0004\000.\0003\000.\0005\0005\000\040\000C\000O\000L\000U\000M\000N\000\137\000B\000T\000D\000E\000V\000\137\000S\000O\000C\000I\000A\000L\000W\000E\000I\000G\000H\000T\000\137\000S\000L\000O\000T\0001\0002}{subsection.6.14.3}% 245
\BOOKMARK [3][-]{subsubsection.6.14.3.56}{\376\377\0006\000.\0001\0004\000.\0003\000.\0005\0006\000\040\000C\000O\000L\000U\000M\000N\000\137\000B\000T\000D\000E\000V\000\137\000S\000O\000C\000I\000A\000L\000W\000E\000I\000G\000H\000T\000\137\000S\000L\000O\000T\0001\0003}{subsection.6.14.3}% 246
\BOOKMARK [3][-]{subsubsection.6.14.3.57}{\376\377\0006\000.\0001\0004\000.\0003\000.\0005\0007\000\040\000C\000O\000L\000U\000M\000N\000\137\000B\000T\000D\000E\000V\000\137\000S\000O\000C\000I\000A\000L\000W\000E\000I\000G\000H\000T\000\137\000S\000L\000O\000T\0001\0004}{subsection.6.14.3}% 247
\BOOKMARK [3][-]{subsubsection.6.14.3.58}{\376\377\0006\000.\0001\0004\000.\0003\000.\0005\0008\000\040\000C\000O\000L\000U\000M\000N\000\137\000B\000T\000D\000E\000V\000\137\000S\000O\000C\000I\000A\000L\000W\000E\000I\000G\000H\000T\000\137\000S\000L\000O\000T\0001\0005}{subsection.6.14.3}% 248
\BOOKMARK [3][-]{subsubsection.6.14.3.59}{\376\377\0006\000.\0001\0004\000.\0003\000.\0005\0009\000\040\000C\000O\000L\000U\000M\000N\000\137\000B\000T\000D\000E\000V\000\137\000S\000O\000C\000I\000A\000L\000W\000E\000I\000G\000H\000T\000\137\000S\000L\000O\000T\0001\0006}{subsection.6.14.3}% 249
\BOOKMARK [3][-]{subsubsection.6.14.3.60}{\376\377\0006\000.\0001\0004\000.\0003\000.\0006\0000\000\040\000C\000O\000L\000U\000M\000N\000\137\000B\000T\000D\000E\000V\000\137\000S\000O\000C\000I\000A\000L\000W\000E\000I\000G\000H\000T\000\137\000S\000L\000O\000T\0001\0007}{subsection.6.14.3}% 250
\BOOKMARK [3][-]{subsubsection.6.14.3.61}{\376\377\0006\000.\0001\0004\000.\0003\000.\0006\0001\000\040\000C\000O\000L\000U\000M\000N\000\137\000B\000T\000D\000E\000V\000\137\000S\000O\000C\000I\000A\000L\000W\000E\000I\000G\000H\000T\000\137\000S\000L\000O\000T\0001\0008}{subsection.6.14.3}% 251
\BOOKMARK [3][-]{subsubsection.6.14.3.62}{\376\377\0006\000.\0001\0004\000.\0003\000.\0006\0002\000\040\000C\000O\000L\000U\000M\000N\000\137\000B\000T\000D\000E\000V\000\137\000S\000O\000C\000I\000A\000L\000W\000E\000I\000G\000H\000T\000\137\000S\000L\000O\000T\0001\0009}{subsection.6.14.3}% 252
\BOOKMARK [3][-]{subsubsection.6.14.3.63}{\376\377\0006\000.\0001\0004\000.\0003\000.\0006\0003\000\040\000C\000O\000L\000U\000M\000N\000\137\000B\000T\000D\000E\000V\000\137\000S\000O\000C\000I\000A\000L\000W\000E\000I\000G\000H\000T\000\137\000S\000L\000O\000T\0002}{subsection.6.14.3}% 253
\BOOKMARK [3][-]{subsubsection.6.14.3.64}{\376\377\0006\000.\0001\0004\000.\0003\000.\0006\0004\000\040\000C\000O\000L\000U\000M\000N\000\137\000B\000T\000D\000E\000V\000\137\000S\000O\000C\000I\000A\000L\000W\000E\000I\000G\000H\000T\000\137\000S\000L\000O\000T\0002\0000}{subsection.6.14.3}% 254
\BOOKMARK [3][-]{subsubsection.6.14.3.65}{\376\377\0006\000.\0001\0004\000.\0003\000.\0006\0005\000\040\000C\000O\000L\000U\000M\000N\000\137\000B\000T\000D\000E\000V\000\137\000S\000O\000C\000I\000A\000L\000W\000E\000I\000G\000H\000T\000\137\000S\000L\000O\000T\0002\0001}{subsection.6.14.3}% 255
\BOOKMARK [3][-]{subsubsection.6.14.3.66}{\376\377\0006\000.\0001\0004\000.\0003\000.\0006\0006\000\040\000C\000O\000L\000U\000M\000N\000\137\000B\000T\000D\000E\000V\000\137\000S\000O\000C\000I\000A\000L\000W\000E\000I\000G\000H\000T\000\137\000S\000L\000O\000T\0002\0002}{subsection.6.14.3}% 256
\BOOKMARK [3][-]{subsubsection.6.14.3.67}{\376\377\0006\000.\0001\0004\000.\0003\000.\0006\0007\000\040\000C\000O\000L\000U\000M\000N\000\137\000B\000T\000D\000E\000V\000\137\000S\000O\000C\000I\000A\000L\000W\000E\000I\000G\000H\000T\000\137\000S\000L\000O\000T\0002\0003}{subsection.6.14.3}% 257
\BOOKMARK [3][-]{subsubsection.6.14.3.68}{\376\377\0006\000.\0001\0004\000.\0003\000.\0006\0008\000\040\000C\000O\000L\000U\000M\000N\000\137\000B\000T\000D\000E\000V\000\137\000S\000O\000C\000I\000A\000L\000W\000E\000I\000G\000H\000T\000\137\000S\000L\000O\000T\0002\0004}{subsection.6.14.3}% 258
\BOOKMARK [3][-]{subsubsection.6.14.3.69}{\376\377\0006\000.\0001\0004\000.\0003\000.\0006\0009\000\040\000C\000O\000L\000U\000M\000N\000\137\000B\000T\000D\000E\000V\000\137\000S\000O\000C\000I\000A\000L\000W\000E\000I\000G\000H\000T\000\137\000S\000L\000O\000T\0003}{subsection.6.14.3}% 259
\BOOKMARK [3][-]{subsubsection.6.14.3.70}{\376\377\0006\000.\0001\0004\000.\0003\000.\0007\0000\000\040\000C\000O\000L\000U\000M\000N\000\137\000B\000T\000D\000E\000V\000\137\000S\000O\000C\000I\000A\000L\000W\000E\000I\000G\000H\000T\000\137\000S\000L\000O\000T\0004}{subsection.6.14.3}% 260
\BOOKMARK [3][-]{subsubsection.6.14.3.71}{\376\377\0006\000.\0001\0004\000.\0003\000.\0007\0001\000\040\000C\000O\000L\000U\000M\000N\000\137\000B\000T\000D\000E\000V\000\137\000S\000O\000C\000I\000A\000L\000W\000E\000I\000G\000H\000T\000\137\000S\000L\000O\000T\0005}{subsection.6.14.3}% 261
\BOOKMARK [3][-]{subsubsection.6.14.3.72}{\376\377\0006\000.\0001\0004\000.\0003\000.\0007\0002\000\040\000C\000O\000L\000U\000M\000N\000\137\000B\000T\000D\000E\000V\000\137\000S\000O\000C\000I\000A\000L\000W\000E\000I\000G\000H\000T\000\137\000S\000L\000O\000T\0006}{subsection.6.14.3}% 262
\BOOKMARK [3][-]{subsubsection.6.14.3.73}{\376\377\0006\000.\0001\0004\000.\0003\000.\0007\0003\000\040\000C\000O\000L\000U\000M\000N\000\137\000B\000T\000D\000E\000V\000\137\000S\000O\000C\000I\000A\000L\000W\000E\000I\000G\000H\000T\000\137\000S\000L\000O\000T\0007}{subsection.6.14.3}% 263
\BOOKMARK [3][-]{subsubsection.6.14.3.74}{\376\377\0006\000.\0001\0004\000.\0003\000.\0007\0004\000\040\000C\000O\000L\000U\000M\000N\000\137\000B\000T\000D\000E\000V\000\137\000S\000O\000C\000I\000A\000L\000W\000E\000I\000G\000H\000T\000\137\000S\000L\000O\000T\0008}{subsection.6.14.3}% 264
\BOOKMARK [3][-]{subsubsection.6.14.3.75}{\376\377\0006\000.\0001\0004\000.\0003\000.\0007\0005\000\040\000C\000O\000L\000U\000M\000N\000\137\000B\000T\000D\000E\000V\000\137\000S\000O\000C\000I\000A\000L\000W\000E\000I\000G\000H\000T\000\137\000S\000L\000O\000T\0009}{subsection.6.14.3}% 265
\BOOKMARK [3][-]{subsubsection.6.14.3.76}{\376\377\0006\000.\0001\0004\000.\0003\000.\0007\0006\000\040\000C\000O\000L\000U\000M\000N\000\137\000I\000D}{subsection.6.14.3}% 266
\BOOKMARK [3][-]{subsubsection.6.14.3.77}{\376\377\0006\000.\0001\0004\000.\0003\000.\0007\0007\000\040\000C\000R\000E\000A\000T\000E\000\137\000B\000T\000D\000E\000V\000I\000C\000E\000\137\000T\000A\000B\000L\000E}{subsection.6.14.3}% 267
\BOOKMARK [3][-]{subsubsection.6.14.3.78}{\376\377\0006\000.\0001\0004\000.\0003\000.\0007\0008\000\040\000C\000R\000E\000A\000T\000E\000\137\000B\000T\000D\000E\000V\000I\000C\000E\000A\000V\000E\000R\000A\000G\000E\000E\000N\000C\000O\000U\000N\000T\000E\000R\000D\000U\000R\000A\000T\000I\000O\000N\000\137\000T\000A\000B\000L\000E}{subsection.6.14.3}% 268
\BOOKMARK [3][-]{subsubsection.6.14.3.79}{\376\377\0006\000.\0001\0004\000.\0003\000.\0007\0009\000\040\000C\000R\000E\000A\000T\000E\000\137\000B\000T\000D\000E\000V\000I\000C\000E\000E\000N\000C\000O\000U\000N\000T\000E\000R\000D\000U\000R\000A\000T\000I\000O\000N\000\137\000T\000A\000B\000L\000E}{subsection.6.14.3}% 269
\BOOKMARK [3][-]{subsubsection.6.14.3.80}{\376\377\0006\000.\0001\0004\000.\0003\000.\0008\0000\000\040\000C\000R\000E\000A\000T\000E\000\137\000B\000T\000D\000E\000V\000I\000C\000E\000S\000O\000C\000I\000A\000L\000W\000E\000I\000G\000H\000T\000\137\000T\000A\000B\000L\000E}{subsection.6.14.3}% 270
\BOOKMARK [3][-]{subsubsection.6.14.3.81}{\376\377\0006\000.\0001\0004\000.\0003\000.\0008\0001\000\040\000D\000A\000T\000A\000B\000A\000S\000E\000\137\000N\000A\000M\000E}{subsection.6.14.3}% 271
\BOOKMARK [3][-]{subsubsection.6.14.3.82}{\376\377\0006\000.\0001\0004\000.\0003\000.\0008\0002\000\040\000D\000A\000T\000A\000B\000A\000S\000E\000\137\000V\000E\000R\000S\000I\000O\000N}{subsection.6.14.3}% 272
\BOOKMARK [3][-]{subsubsection.6.14.3.83}{\376\377\0006\000.\0001\0004\000.\0003\000.\0008\0003\000\040\000T\000A\000B\000L\000E\000\137\000B\000T\000D\000E\000V\000I\000C\000E}{subsection.6.14.3}% 273
\BOOKMARK [3][-]{subsubsection.6.14.3.84}{\376\377\0006\000.\0001\0004\000.\0003\000.\0008\0004\000\040\000T\000A\000B\000L\000E\000\137\000B\000T\000D\000E\000V\000I\000C\000E\000A\000V\000E\000R\000A\000G\000E\000E\000N\000C\000O\000U\000N\000T\000E\000R\000D\000U\000R\000A\000T\000I\000O\000N}{subsection.6.14.3}% 274
\BOOKMARK [3][-]{subsubsection.6.14.3.85}{\376\377\0006\000.\0001\0004\000.\0003\000.\0008\0005\000\040\000T\000A\000B\000L\000E\000\137\000B\000T\000D\000E\000V\000I\000C\000E\000E\000N\000C\000O\000U\000N\000T\000E\000R\000D\000U\000R\000A\000T\000I\000O\000N}{subsection.6.14.3}% 275
\BOOKMARK [3][-]{subsubsection.6.14.3.86}{\376\377\0006\000.\0001\0004\000.\0003\000.\0008\0006\000\040\000T\000A\000B\000L\000E\000\137\000B\000T\000D\000E\000V\000I\000C\000E\000S\000O\000C\000I\000A\000L\000W\000E\000I\000G\000H\000T}{subsection.6.14.3}% 276
\BOOKMARK [0][-]{chapter.7}{\376\377\0007\000\040\000F\000i\000l\000e\000\040\000D\000o\000c\000u\000m\000e\000n\000t\000a\000t\000i\000o\000n}{}% 277
\BOOKMARK [1][-]{section.7.1}{\376\377\0007\000.\0001\000\040\000s\000r\000c\000/\000c\000o\000m\000/\000s\000o\000c\000i\000a\000l\000/\000p\000r\000o\000x\000i\000m\000i\000t\000y\000/\000B\000T\000D\000e\000v\000i\000c\000e\000F\000i\000n\000d\000e\000r\000.\000j\000a\000v\000a\000\040\000F\000i\000l\000e\000\040\000R\000e\000f\000e\000r\000e\000n\000c\000e}{chapter.7}% 278
\BOOKMARK [1][-]{section.7.2}{\376\377\0007\000.\0002\000\040\000s\000r\000c\000/\000c\000o\000m\000/\000s\000o\000c\000i\000a\000l\000/\000p\000r\000o\000x\000i\000m\000i\000t\000y\000/\000B\000T\000M\000a\000n\000a\000g\000e\000r\000.\000j\000a\000v\000a\000\040\000F\000i\000l\000e\000\040\000R\000e\000f\000e\000r\000e\000n\000c\000e}{chapter.7}% 279
\BOOKMARK [1][-]{section.7.3}{\376\377\0007\000.\0003\000\040\000s\000r\000c\000/\000c\000o\000m\000/\000s\000o\000c\000i\000a\000l\000/\000p\000r\000o\000x\000i\000m\000i\000t\000y\000/\000B\000T\000U\000s\000e\000r\000D\000e\000v\000A\000v\000e\000r\000a\000g\000e\000E\000n\000c\000o\000u\000n\000t\000e\000r\000D\000u\000r\000a\000t\000i\000o\000n\000.\000j\000a\000v\000a\000\040\000F\000i\000l\000e\000\040\000R\000e\000f\000e\000r\000e\000n\000c\000e}{chapter.7}% 280
\BOOKMARK [1][-]{section.7.4}{\376\377\0007\000.\0004\000\040\000s\000r\000c\000/\000c\000o\000m\000/\000s\000o\000c\000i\000a\000l\000/\000p\000r\000o\000x\000i\000m\000i\000t\000y\000/\000B\000T\000U\000s\000e\000r\000D\000e\000v\000E\000n\000c\000o\000u\000n\000t\000e\000r\000D\000u\000r\000a\000t\000i\000o\000n\000.\000j\000a\000v\000a\000\040\000F\000i\000l\000e\000\040\000R\000e\000f\000e\000r\000e\000n\000c\000e}{chapter.7}% 281
\BOOKMARK [1][-]{section.7.5}{\376\377\0007\000.\0005\000\040\000s\000r\000c\000/\000c\000o\000m\000/\000s\000o\000c\000i\000a\000l\000/\000p\000r\000o\000x\000i\000m\000i\000t\000y\000/\000B\000T\000U\000s\000e\000r\000D\000e\000v\000i\000c\000e\000.\000j\000a\000v\000a\000\040\000F\000i\000l\000e\000\040\000R\000e\000f\000e\000r\000e\000n\000c\000e}{chapter.7}% 282
\BOOKMARK [1][-]{section.7.6}{\376\377\0007\000.\0006\000\040\000s\000r\000c\000/\000c\000o\000m\000/\000s\000o\000c\000i\000a\000l\000/\000p\000r\000o\000x\000i\000m\000i\000t\000y\000/\000B\000T\000U\000s\000e\000r\000D\000e\000v\000S\000o\000c\000i\000a\000l\000W\000e\000i\000g\000h\000t\000.\000j\000a\000v\000a\000\040\000F\000i\000l\000e\000\040\000R\000e\000f\000e\000r\000e\000n\000c\000e}{chapter.7}% 283
\BOOKMARK [1][-]{section.7.7}{\376\377\0007\000.\0007\000\040\000s\000r\000c\000/\000c\000o\000m\000/\000s\000o\000c\000i\000a\000l\000/\000p\000r\000o\000x\000i\000m\000i\000t\000y\000/\000C\000h\000a\000n\000g\000e\000L\000i\000s\000t\000e\000n\000e\000r\000.\000j\000a\000v\000a\000\040\000F\000i\000l\000e\000\040\000R\000e\000f\000e\000r\000e\000n\000c\000e}{chapter.7}% 284
\BOOKMARK [1][-]{section.7.8}{\376\377\0007\000.\0008\000\040\000s\000r\000c\000/\000c\000o\000m\000/\000s\000o\000c\000i\000a\000l\000/\000p\000r\000o\000x\000i\000m\000i\000t\000y\000/\000D\000a\000t\000a\000B\000a\000s\000e\000C\000h\000a\000n\000g\000e\000L\000i\000s\000t\000e\000n\000e\000r\000.\000j\000a\000v\000a\000\040\000F\000i\000l\000e\000\040\000R\000e\000f\000e\000r\000e\000n\000c\000e}{chapter.7}% 285
\BOOKMARK [1][-]{section.7.9}{\376\377\0007\000.\0009\000\040\000s\000r\000c\000/\000c\000o\000m\000/\000s\000o\000c\000i\000a\000l\000/\000p\000r\000o\000x\000i\000m\000i\000t\000y\000/\000D\000a\000t\000a\000b\000a\000s\000e\000F\000u\000n\000c\000t\000i\000o\000n\000s\000.\000j\000a\000v\000a\000\040\000F\000i\000l\000e\000\040\000R\000e\000f\000e\000r\000e\000n\000c\000e}{chapter.7}% 286
\BOOKMARK [1][-]{section.7.10}{\376\377\0007\000.\0001\0000\000\040\000s\000r\000c\000/\000c\000o\000m\000/\000s\000o\000c\000i\000a\000l\000/\000p\000r\000o\000x\000i\000m\000i\000t\000y\000/\000O\000n\000N\000e\000w\000H\000o\000u\000r\000U\000p\000d\000a\000t\000e\000.\000j\000a\000v\000a\000\040\000F\000i\000l\000e\000\040\000R\000e\000f\000e\000r\000e\000n\000c\000e}{chapter.7}% 287
\BOOKMARK [1][-]{section.7.11}{\376\377\0007\000.\0001\0001\000\040\000s\000r\000c\000/\000c\000o\000m\000/\000s\000o\000c\000i\000a\000l\000/\000p\000r\000o\000x\000i\000m\000i\000t\000y\000/\000S\000o\000c\000i\000a\000l\000P\000r\000o\000x\000i\000m\000i\000t\000y\000.\000j\000a\000v\000a\000\040\000F\000i\000l\000e\000\040\000R\000e\000f\000e\000r\000e\000n\000c\000e}{chapter.7}% 288
\BOOKMARK [1][-]{section.7.12}{\376\377\0007\000.\0001\0002\000\040\000s\000r\000c\000/\000c\000o\000m\000/\000s\000o\000c\000i\000a\000l\000/\000p\000r\000o\000x\000i\000m\000i\000t\000y\000/\000S\000o\000c\000i\000a\000l\000W\000e\000i\000g\000h\000t\000.\000j\000a\000v\000a\000\040\000F\000i\000l\000e\000\040\000R\000e\000f\000e\000r\000e\000n\000c\000e}{chapter.7}% 289
\BOOKMARK [1][-]{section.7.13}{\376\377\0007\000.\0001\0003\000\040\000s\000r\000c\000/\000c\000o\000m\000/\000s\000o\000c\000i\000a\000l\000/\000p\000r\000o\000x\000i\000m\000i\000t\000y\000/\000S\000Q\000L\000i\000t\000e\000H\000e\000l\000p\000e\000r\000.\000j\000a\000v\000a\000\040\000F\000i\000l\000e\000\040\000R\000e\000f\000e\000r\000e\000n\000c\000e}{chapter.7}% 290
